
Exception:
System.ArgumentOutOfRangeException: O valor deve ser menor que o tamanho m?ximo da janela atual do console, 44, nessa dimens?o. Lembre-se de que esse valor depende da resolu??o de tela e da fonte do console.
Nome do par?metro: height
Valor real era 45.
   em System.Console.SetWindowSize(Int32 width, Int32 height)
   em Bios.BiosServer.Initialize() na C:\Users\Administrator\Desktop\Bios xjoao sem nux\Bios\BiosServer.cs:linha 75
   em Bios.Program.InitEnvironment() na C:\Users\Administrator\Desktop\Bios xjoao sem nux\Bios\Program.cs:linha 81
   em Bios.Program.StartEverything() na C:\Users\Administrator\Desktop\Bios xjoao sem nux\Bios\Program.cs:linha 59
   em Bios.Program.Main(String[] Args) na C:\Users\Administrator\Desktop\Bios xjoao sem nux\Bios\Program.cs:linha 41


Exception:
System.ArgumentOutOfRangeException: O valor deve ser menor que o tamanho m?ximo da janela atual do console, 44, nessa dimens?o. Lembre-se de que esse valor depende da resolu??o de tela e da fonte do console.
Nome do par?metro: height
Valor real era 45.
   em System.Console.SetWindowSize(Int32 width, Int32 height)
   em Bios.BiosServer.Initialize() na C:\Users\Administrator\Desktop\Bios xjoao sem nux\Bios\BiosServer.cs:linha 75
   em Bios.Program.InitEnvironment() na C:\Users\Administrator\Desktop\Bios xjoao sem nux\Bios\Program.cs:linha 81
   em Bios.Program.StartEverything() na C:\Users\Administrator\Desktop\Bios xjoao sem nux\Bios\Program.cs:linha 59
   em Bios.Program.Main(String[] Args) na C:\Users\Administrator\Desktop\Bios xjoao sem nux\Bios\Program.cs:linha 41


Exception:
System.OverflowException: De rekenkundige bewerking heeft geresulteerd in een overloop.
   bij Habbie.HabboHotel.Rooms.Pathfinding.Vector2D.GetDistanceSquared(Vector2D Point)
   bij Habbie.HabboHotel.Pathfinding.PathFinder.FindPathReversed(RoomUser User, Boolean Diag, Gamemap Map, Vector2D Start, Vector2D End)
   bij Habbie.HabboHotel.Pathfinding.PathFinder.FindPath(RoomUser User, Boolean Diag, Gamemap Map, Vector2D Start, Vector2D End)
   bij Habbie.HabboHotel.Rooms.RoomUserManager.OnCycle()


Exception:
System.OverflowException: De rekenkundige bewerking heeft geresulteerd in een overloop.
   bij Habbie.HabboHotel.Rooms.Pathfinding.Vector2D.GetDistanceSquared(Vector2D Point)
   bij Habbie.HabboHotel.Pathfinding.PathFinder.FindPathReversed(RoomUser User, Boolean Diag, Gamemap Map, Vector2D Start, Vector2D End)
   bij Habbie.HabboHotel.Pathfinding.PathFinder.FindPath(RoomUser User, Boolean Diag, Gamemap Map, Vector2D Start, Vector2D End)
   bij Habbie.HabboHotel.Rooms.RoomUserManager.OnCycle()


Exception:
System.OverflowException: De rekenkundige bewerking heeft geresulteerd in een overloop.
   bij Habbie.HabboHotel.Rooms.Pathfinding.Vector2D.GetDistanceSquared(Vector2D Point)
   bij Habbie.HabboHotel.Pathfinding.PathFinder.FindPathReversed(RoomUser User, Boolean Diag, Gamemap Map, Vector2D Start, Vector2D End)
   bij Habbie.HabboHotel.Pathfinding.PathFinder.FindPath(RoomUser User, Boolean Diag, Gamemap Map, Vector2D Start, Vector2D End)
   bij Habbie.HabboHotel.Rooms.RoomUserManager.OnCycle()


Exception:
System.OverflowException: De rekenkundige bewerking heeft geresulteerd in een overloop.
   bij Habbie.HabboHotel.Rooms.Pathfinding.Vector2D.GetDistanceSquared(Vector2D Point)
   bij Habbie.HabboHotel.Pathfinding.PathFinder.FindPathReversed(RoomUser User, Boolean Diag, Gamemap Map, Vector2D Start, Vector2D End)
   bij Habbie.HabboHotel.Pathfinding.PathFinder.FindPath(RoomUser User, Boolean Diag, Gamemap Map, Vector2D Start, Vector2D End)
   bij Habbie.HabboHotel.Rooms.RoomUserManager.OnCycle()


Exception:
System.OverflowException: De rekenkundige bewerking heeft geresulteerd in een overloop.
   bij Habbie.HabboHotel.Rooms.Pathfinding.Vector2D.GetDistanceSquared(Vector2D Point)
   bij Habbie.HabboHotel.Pathfinding.PathFinder.FindPathReversed(RoomUser User, Boolean Diag, Gamemap Map, Vector2D Start, Vector2D End)
   bij Habbie.HabboHotel.Pathfinding.PathFinder.FindPath(RoomUser User, Boolean Diag, Gamemap Map, Vector2D Start, Vector2D End)
   bij Habbie.HabboHotel.Rooms.RoomUserManager.OnCycle()


Exception:
System.OverflowException: De rekenkundige bewerking heeft geresulteerd in een overloop.
   bij Habbie.HabboHotel.Rooms.Pathfinding.Vector2D.GetDistanceSquared(Vector2D Point)
   bij Habbie.HabboHotel.Pathfinding.PathFinder.FindPathReversed(RoomUser User, Boolean Diag, Gamemap Map, Vector2D Start, Vector2D End)
   bij Habbie.HabboHotel.Pathfinding.PathFinder.FindPath(RoomUser User, Boolean Diag, Gamemap Map, Vector2D Start, Vector2D End)
   bij Habbie.HabboHotel.Rooms.RoomUserManager.OnCycle()


Exception:
System.OverflowException: De rekenkundige bewerking heeft geresulteerd in een overloop.
   bij Habbie.HabboHotel.Rooms.Pathfinding.Vector2D.GetDistanceSquared(Vector2D Point)
   bij Habbie.HabboHotel.Pathfinding.PathFinder.FindPathReversed(RoomUser User, Boolean Diag, Gamemap Map, Vector2D Start, Vector2D End)
   bij Habbie.HabboHotel.Pathfinding.PathFinder.FindPath(RoomUser User, Boolean Diag, Gamemap Map, Vector2D Start, Vector2D End)
   bij Habbie.HabboHotel.Rooms.RoomUserManager.OnCycle()


Exception:
System.OverflowException: De rekenkundige bewerking heeft geresulteerd in een overloop.
   bij Habbie.HabboHotel.Rooms.Pathfinding.Vector2D.GetDistanceSquared(Vector2D Point)
   bij Habbie.HabboHotel.Pathfinding.PathFinder.FindPathReversed(RoomUser User, Boolean Diag, Gamemap Map, Vector2D Start, Vector2D End)
   bij Habbie.HabboHotel.Pathfinding.PathFinder.FindPath(RoomUser User, Boolean Diag, Gamemap Map, Vector2D Start, Vector2D End)
   bij Habbie.HabboHotel.Rooms.RoomUserManager.OnCycle()


Exception:
System.OverflowException: De rekenkundige bewerking heeft geresulteerd in een overloop.
   bij Habbie.HabboHotel.Rooms.Pathfinding.Vector2D.GetDistanceSquared(Vector2D Point)
   bij Habbie.HabboHotel.Pathfinding.PathFinder.FindPathReversed(RoomUser User, Boolean Diag, Gamemap Map, Vector2D Start, Vector2D End)
   bij Habbie.HabboHotel.Pathfinding.PathFinder.FindPath(RoomUser User, Boolean Diag, Gamemap Map, Vector2D Start, Vector2D End)
   bij Habbie.HabboHotel.Rooms.RoomUserManager.OnCycle()


Exception:
System.OverflowException: De rekenkundige bewerking heeft geresulteerd in een overloop.
   bij Habbie.HabboHotel.Rooms.Pathfinding.Vector2D.GetDistanceSquared(Vector2D Point)
   bij Habbie.HabboHotel.Pathfinding.PathFinder.FindPathReversed(RoomUser User, Boolean Diag, Gamemap Map, Vector2D Start, Vector2D End)
   bij Habbie.HabboHotel.Pathfinding.PathFinder.FindPath(RoomUser User, Boolean Diag, Gamemap Map, Vector2D Start, Vector2D End)
   bij Habbie.HabboHotel.Rooms.RoomUserManager.OnCycle()


Exception:
System.OverflowException: De rekenkundige bewerking heeft geresulteerd in een overloop.
   bij Habbie.HabboHotel.Rooms.Pathfinding.Vector2D.GetDistanceSquared(Vector2D Point)
   bij Habbie.HabboHotel.Pathfinding.PathFinder.FindPathReversed(RoomUser User, Boolean Diag, Gamemap Map, Vector2D Start, Vector2D End)
   bij Habbie.HabboHotel.Pathfinding.PathFinder.FindPath(RoomUser User, Boolean Diag, Gamemap Map, Vector2D Start, Vector2D End)
   bij Habbie.HabboHotel.Rooms.RoomUserManager.OnCycle()


Exception:
System.OverflowException: De rekenkundige bewerking heeft geresulteerd in een overloop.
   bij Habbie.HabboHotel.Rooms.Pathfinding.Vector2D.GetDistanceSquared(Vector2D Point)
   bij Habbie.HabboHotel.Pathfinding.PathFinder.FindPathReversed(RoomUser User, Boolean Diag, Gamemap Map, Vector2D Start, Vector2D End)
   bij Habbie.HabboHotel.Pathfinding.PathFinder.FindPath(RoomUser User, Boolean Diag, Gamemap Map, Vector2D Start, Vector2D End)
   bij Habbie.HabboHotel.Rooms.RoomUserManager.OnCycle()


Exception:
System.OverflowException: De rekenkundige bewerking heeft geresulteerd in een overloop.
   bij Habbie.HabboHotel.Rooms.Pathfinding.Vector2D.GetDistanceSquared(Vector2D Point)
   bij Habbie.HabboHotel.Pathfinding.PathFinder.FindPathReversed(RoomUser User, Boolean Diag, Gamemap Map, Vector2D Start, Vector2D End)
   bij Habbie.HabboHotel.Pathfinding.PathFinder.FindPath(RoomUser User, Boolean Diag, Gamemap Map, Vector2D Start, Vector2D End)
   bij Habbie.HabboHotel.Rooms.RoomUserManager.OnCycle()


Exception:
System.OverflowException: De rekenkundige bewerking heeft geresulteerd in een overloop.
   bij Habbie.HabboHotel.Rooms.Pathfinding.Vector2D.GetDistanceSquared(Vector2D Point)
   bij Habbie.HabboHotel.Pathfinding.PathFinder.FindPathReversed(RoomUser User, Boolean Diag, Gamemap Map, Vector2D Start, Vector2D End)
   bij Habbie.HabboHotel.Pathfinding.PathFinder.FindPath(RoomUser User, Boolean Diag, Gamemap Map, Vector2D Start, Vector2D End)
   bij Habbie.HabboHotel.Rooms.RoomUserManager.OnCycle()


Exception:
System.OverflowException: De rekenkundige bewerking heeft geresulteerd in een overloop.
   bij Habbie.HabboHotel.Rooms.Pathfinding.Vector2D.GetDistanceSquared(Vector2D Point)
   bij Habbie.HabboHotel.Pathfinding.PathFinder.FindPathReversed(RoomUser User, Boolean Diag, Gamemap Map, Vector2D Start, Vector2D End)
   bij Habbie.HabboHotel.Pathfinding.PathFinder.FindPath(RoomUser User, Boolean Diag, Gamemap Map, Vector2D Start, Vector2D End)
   bij Habbie.HabboHotel.Rooms.RoomUserManager.OnCycle()


Exception:
System.OverflowException: De rekenkundige bewerking heeft geresulteerd in een overloop.
   bij Habbie.HabboHotel.Rooms.Pathfinding.Vector2D.GetDistanceSquared(Vector2D Point)
   bij Habbie.HabboHotel.Pathfinding.PathFinder.FindPathReversed(RoomUser User, Boolean Diag, Gamemap Map, Vector2D Start, Vector2D End)
   bij Habbie.HabboHotel.Pathfinding.PathFinder.FindPath(RoomUser User, Boolean Diag, Gamemap Map, Vector2D Start, Vector2D End)
   bij Habbie.HabboHotel.Rooms.RoomUserManager.OnCycle()


Exception:
System.OverflowException: De rekenkundige bewerking heeft geresulteerd in een overloop.
   bij Habbie.HabboHotel.Rooms.Pathfinding.Vector2D.GetDistanceSquared(Vector2D Point)
   bij Habbie.HabboHotel.Pathfinding.PathFinder.FindPathReversed(RoomUser User, Boolean Diag, Gamemap Map, Vector2D Start, Vector2D End)
   bij Habbie.HabboHotel.Pathfinding.PathFinder.FindPath(RoomUser User, Boolean Diag, Gamemap Map, Vector2D Start, Vector2D End)
   bij Habbie.HabboHotel.Rooms.RoomUserManager.OnCycle()


Exception:
System.OverflowException: De rekenkundige bewerking heeft geresulteerd in een overloop.
   bij Habbie.HabboHotel.Rooms.Pathfinding.Vector2D.GetDistanceSquared(Vector2D Point)
   bij Habbie.HabboHotel.Pathfinding.PathFinder.FindPathReversed(RoomUser User, Boolean Diag, Gamemap Map, Vector2D Start, Vector2D End)
   bij Habbie.HabboHotel.Pathfinding.PathFinder.FindPath(RoomUser User, Boolean Diag, Gamemap Map, Vector2D Start, Vector2D End)
   bij Habbie.HabboHotel.Rooms.RoomUserManager.OnCycle()


Exception:
System.OverflowException: De rekenkundige bewerking heeft geresulteerd in een overloop.
   bij Habbie.HabboHotel.Rooms.Pathfinding.Vector2D.GetDistanceSquared(Vector2D Point)
   bij Habbie.HabboHotel.Pathfinding.PathFinder.FindPathReversed(RoomUser User, Boolean Diag, Gamemap Map, Vector2D Start, Vector2D End)
   bij Habbie.HabboHotel.Pathfinding.PathFinder.FindPath(RoomUser User, Boolean Diag, Gamemap Map, Vector2D Start, Vector2D End)
   bij Habbie.HabboHotel.Rooms.RoomUserManager.OnCycle()


Exception:
System.OverflowException: De rekenkundige bewerking heeft geresulteerd in een overloop.
   bij Habbie.HabboHotel.Rooms.Pathfinding.Vector2D.GetDistanceSquared(Vector2D Point)
   bij Habbie.HabboHotel.Pathfinding.PathFinder.FindPathReversed(RoomUser User, Boolean Diag, Gamemap Map, Vector2D Start, Vector2D End)
   bij Habbie.HabboHotel.Pathfinding.PathFinder.FindPath(RoomUser User, Boolean Diag, Gamemap Map, Vector2D Start, Vector2D End)
   bij Habbie.HabboHotel.Rooms.RoomUserManager.OnCycle()


Exception:
System.OverflowException: De rekenkundige bewerking heeft geresulteerd in een overloop.
   bij Habbie.HabboHotel.Rooms.Pathfinding.Vector2D.GetDistanceSquared(Vector2D Point)
   bij Habbie.HabboHotel.Pathfinding.PathFinder.FindPathReversed(RoomUser User, Boolean Diag, Gamemap Map, Vector2D Start, Vector2D End)
   bij Habbie.HabboHotel.Pathfinding.PathFinder.FindPath(RoomUser User, Boolean Diag, Gamemap Map, Vector2D Start, Vector2D End)
   bij Habbie.HabboHotel.Rooms.RoomUserManager.OnCycle()


Exception:
System.OverflowException: De rekenkundige bewerking heeft geresulteerd in een overloop.
   bij Habbie.HabboHotel.Rooms.Pathfinding.Vector2D.GetDistanceSquared(Vector2D Point)
   bij Habbie.HabboHotel.Pathfinding.PathFinder.FindPathReversed(RoomUser User, Boolean Diag, Gamemap Map, Vector2D Start, Vector2D End)
   bij Habbie.HabboHotel.Pathfinding.PathFinder.FindPath(RoomUser User, Boolean Diag, Gamemap Map, Vector2D Start, Vector2D End)
   bij Habbie.HabboHotel.Rooms.RoomUserManager.OnCycle()


Exception:
System.OverflowException: De rekenkundige bewerking heeft geresulteerd in een overloop.
   bij Habbie.HabboHotel.Rooms.Pathfinding.Vector2D.GetDistanceSquared(Vector2D Point)
   bij Habbie.HabboHotel.Pathfinding.PathFinder.FindPathReversed(RoomUser User, Boolean Diag, Gamemap Map, Vector2D Start, Vector2D End)
   bij Habbie.HabboHotel.Pathfinding.PathFinder.FindPath(RoomUser User, Boolean Diag, Gamemap Map, Vector2D Start, Vector2D End)
   bij Habbie.HabboHotel.Rooms.RoomUserManager.OnCycle()


Exception:
System.OverflowException: De rekenkundige bewerking heeft geresulteerd in een overloop.
   bij Habbie.HabboHotel.Rooms.Pathfinding.Vector2D.GetDistanceSquared(Vector2D Point)
   bij Habbie.HabboHotel.Pathfinding.PathFinder.FindPathReversed(RoomUser User, Boolean Diag, Gamemap Map, Vector2D Start, Vector2D End)
   bij Habbie.HabboHotel.Pathfinding.PathFinder.FindPath(RoomUser User, Boolean Diag, Gamemap Map, Vector2D Start, Vector2D End)
   bij Habbie.HabboHotel.Rooms.RoomUserManager.OnCycle()


Exception:
System.OverflowException: De rekenkundige bewerking heeft geresulteerd in een overloop.
   bij Habbie.HabboHotel.Rooms.Pathfinding.Vector2D.GetDistanceSquared(Vector2D Point)
   bij Habbie.HabboHotel.Pathfinding.PathFinder.FindPathReversed(RoomUser User, Boolean Diag, Gamemap Map, Vector2D Start, Vector2D End)
   bij Habbie.HabboHotel.Pathfinding.PathFinder.FindPath(RoomUser User, Boolean Diag, Gamemap Map, Vector2D Start, Vector2D End)
   bij Habbie.HabboHotel.Rooms.RoomUserManager.OnCycle()


Exception:
System.OverflowException: De rekenkundige bewerking heeft geresulteerd in een overloop.
   bij Habbie.HabboHotel.Rooms.Pathfinding.Vector2D.GetDistanceSquared(Vector2D Point)
   bij Habbie.HabboHotel.Pathfinding.PathFinder.FindPathReversed(RoomUser User, Boolean Diag, Gamemap Map, Vector2D Start, Vector2D End)
   bij Habbie.HabboHotel.Pathfinding.PathFinder.FindPath(RoomUser User, Boolean Diag, Gamemap Map, Vector2D Start, Vector2D End)
   bij Habbie.HabboHotel.Rooms.RoomUserManager.OnCycle()


Exception:
System.OverflowException: De rekenkundige bewerking heeft geresulteerd in een overloop.
   bij Habbie.HabboHotel.Rooms.Pathfinding.Vector2D.GetDistanceSquared(Vector2D Point)
   bij Habbie.HabboHotel.Pathfinding.PathFinder.FindPathReversed(RoomUser User, Boolean Diag, Gamemap Map, Vector2D Start, Vector2D End)
   bij Habbie.HabboHotel.Pathfinding.PathFinder.FindPath(RoomUser User, Boolean Diag, Gamemap Map, Vector2D Start, Vector2D End)
   bij Habbie.HabboHotel.Rooms.RoomUserManager.OnCycle()


Exception:
System.OverflowException: De rekenkundige bewerking heeft geresulteerd in een overloop.
   bij Habbie.HabboHotel.Rooms.Pathfinding.Vector2D.GetDistanceSquared(Vector2D Point)
   bij Habbie.HabboHotel.Pathfinding.PathFinder.FindPathReversed(RoomUser User, Boolean Diag, Gamemap Map, Vector2D Start, Vector2D End)
   bij Habbie.HabboHotel.Pathfinding.PathFinder.FindPath(RoomUser User, Boolean Diag, Gamemap Map, Vector2D Start, Vector2D End)
   bij Habbie.HabboHotel.Rooms.RoomUserManager.OnCycle()


Exception:
System.OverflowException: De rekenkundige bewerking heeft geresulteerd in een overloop.
   bij Habbie.HabboHotel.Rooms.Pathfinding.Vector2D.GetDistanceSquared(Vector2D Point)
   bij Habbie.HabboHotel.Pathfinding.PathFinder.FindPathReversed(RoomUser User, Boolean Diag, Gamemap Map, Vector2D Start, Vector2D End)
   bij Habbie.HabboHotel.Pathfinding.PathFinder.FindPath(RoomUser User, Boolean Diag, Gamemap Map, Vector2D Start, Vector2D End)
   bij Habbie.HabboHotel.Rooms.RoomUserManager.OnCycle()


Exception:
System.OverflowException: De rekenkundige bewerking heeft geresulteerd in een overloop.
   bij Habbie.HabboHotel.Rooms.Pathfinding.Vector2D.GetDistanceSquared(Vector2D Point)
   bij Habbie.HabboHotel.Pathfinding.PathFinder.FindPathReversed(RoomUser User, Boolean Diag, Gamemap Map, Vector2D Start, Vector2D End)
   bij Habbie.HabboHotel.Pathfinding.PathFinder.FindPath(RoomUser User, Boolean Diag, Gamemap Map, Vector2D Start, Vector2D End)
   bij Habbie.HabboHotel.Rooms.RoomUserManager.OnCycle()


Exception:
System.OverflowException: De rekenkundige bewerking heeft geresulteerd in een overloop.
   bij Habbie.HabboHotel.Rooms.Pathfinding.Vector2D.GetDistanceSquared(Vector2D Point)
   bij Habbie.HabboHotel.Pathfinding.PathFinder.FindPathReversed(RoomUser User, Boolean Diag, Gamemap Map, Vector2D Start, Vector2D End)
   bij Habbie.HabboHotel.Pathfinding.PathFinder.FindPath(RoomUser User, Boolean Diag, Gamemap Map, Vector2D Start, Vector2D End)
   bij Habbie.HabboHotel.Rooms.RoomUserManager.OnCycle()


Exception:
System.OverflowException: De rekenkundige bewerking heeft geresulteerd in een overloop.
   bij Habbie.HabboHotel.Rooms.Pathfinding.Vector2D.GetDistanceSquared(Vector2D Point)
   bij Habbie.HabboHotel.Pathfinding.PathFinder.FindPathReversed(RoomUser User, Boolean Diag, Gamemap Map, Vector2D Start, Vector2D End)
   bij Habbie.HabboHotel.Pathfinding.PathFinder.FindPath(RoomUser User, Boolean Diag, Gamemap Map, Vector2D Start, Vector2D End)
   bij Habbie.HabboHotel.Rooms.RoomUserManager.OnCycle()


Exception:
System.OverflowException: De rekenkundige bewerking heeft geresulteerd in een overloop.
   bij Habbie.HabboHotel.Rooms.Pathfinding.Vector2D.GetDistanceSquared(Vector2D Point)
   bij Habbie.HabboHotel.Pathfinding.PathFinder.FindPathReversed(RoomUser User, Boolean Diag, Gamemap Map, Vector2D Start, Vector2D End)
   bij Habbie.HabboHotel.Pathfinding.PathFinder.FindPath(RoomUser User, Boolean Diag, Gamemap Map, Vector2D Start, Vector2D End)
   bij Habbie.HabboHotel.Rooms.RoomUserManager.OnCycle()


Exception:
System.OverflowException: De rekenkundige bewerking heeft geresulteerd in een overloop.
   bij Habbie.HabboHotel.Rooms.Pathfinding.Vector2D.GetDistanceSquared(Vector2D Point)
   bij Habbie.HabboHotel.Pathfinding.PathFinder.FindPathReversed(RoomUser User, Boolean Diag, Gamemap Map, Vector2D Start, Vector2D End)
   bij Habbie.HabboHotel.Pathfinding.PathFinder.FindPath(RoomUser User, Boolean Diag, Gamemap Map, Vector2D Start, Vector2D End)
   bij Habbie.HabboHotel.Rooms.RoomUserManager.OnCycle()


Exception:
System.OverflowException: De rekenkundige bewerking heeft geresulteerd in een overloop.
   bij Habbie.HabboHotel.Rooms.Pathfinding.Vector2D.GetDistanceSquared(Vector2D Point)
   bij Habbie.HabboHotel.Pathfinding.PathFinder.FindPathReversed(RoomUser User, Boolean Diag, Gamemap Map, Vector2D Start, Vector2D End)
   bij Habbie.HabboHotel.Pathfinding.PathFinder.FindPath(RoomUser User, Boolean Diag, Gamemap Map, Vector2D Start, Vector2D End)
   bij Habbie.HabboHotel.Rooms.RoomUserManager.OnCycle()


Exception:
System.OverflowException: De rekenkundige bewerking heeft geresulteerd in een overloop.
   bij Habbie.HabboHotel.Rooms.Pathfinding.Vector2D.GetDistanceSquared(Vector2D Point)
   bij Habbie.HabboHotel.Pathfinding.PathFinder.FindPathReversed(RoomUser User, Boolean Diag, Gamemap Map, Vector2D Start, Vector2D End)
   bij Habbie.HabboHotel.Pathfinding.PathFinder.FindPath(RoomUser User, Boolean Diag, Gamemap Map, Vector2D Start, Vector2D End)
   bij Habbie.HabboHotel.Rooms.RoomUserManager.OnCycle()


Exception:
System.OverflowException: De rekenkundige bewerking heeft geresulteerd in een overloop.
   bij Habbie.HabboHotel.Rooms.Pathfinding.Vector2D.GetDistanceSquared(Vector2D Point)
   bij Habbie.HabboHotel.Pathfinding.PathFinder.FindPathReversed(RoomUser User, Boolean Diag, Gamemap Map, Vector2D Start, Vector2D End)
   bij Habbie.HabboHotel.Pathfinding.PathFinder.FindPath(RoomUser User, Boolean Diag, Gamemap Map, Vector2D Start, Vector2D End)
   bij Habbie.HabboHotel.Rooms.RoomUserManager.OnCycle()


Exception:
System.OverflowException: De rekenkundige bewerking heeft geresulteerd in een overloop.
   bij Habbie.HabboHotel.Rooms.Pathfinding.Vector2D.GetDistanceSquared(Vector2D Point) in D:\Revamp\swf-troep+EMU\EMU2\HabboHotel\Rooms\PathFinding\Vector2D.cs:regel 46
   bij Habbie.HabboHotel.Pathfinding.PathFinder.FindPathReversed(RoomUser User, Boolean Diag, Gamemap Map, Vector2D Start, Vector2D End) in D:\Revamp\swf-troep+EMU\EMU2\HabboHotel\Rooms\PathFinding\PathFinder.cs:regel 107
   bij Habbie.HabboHotel.Pathfinding.PathFinder.FindPath(RoomUser User, Boolean Diag, Gamemap Map, Vector2D Start, Vector2D End) in D:\Revamp\swf-troep+EMU\EMU2\HabboHotel\Rooms\PathFinding\PathFinder.cs:regel 36
   bij Habbie.HabboHotel.Rooms.RoomUserManager.OnCycle() in D:\Revamp\swf-troep+EMU\EMU2\HabboHotel\Rooms\RoomUserManager.cs:regel 916


Exception:
System.OverflowException: De rekenkundige bewerking heeft geresulteerd in een overloop.
   bij Habbie.HabboHotel.Rooms.Pathfinding.Vector2D.GetDistanceSquared(Vector2D Point) in D:\Revamp\swf-troep+EMU\EMU2\HabboHotel\Rooms\PathFinding\Vector2D.cs:regel 46
   bij Habbie.HabboHotel.Pathfinding.PathFinder.FindPathReversed(RoomUser User, Boolean Diag, Gamemap Map, Vector2D Start, Vector2D End) in D:\Revamp\swf-troep+EMU\EMU2\HabboHotel\Rooms\PathFinding\PathFinder.cs:regel 107
   bij Habbie.HabboHotel.Pathfinding.PathFinder.FindPath(RoomUser User, Boolean Diag, Gamemap Map, Vector2D Start, Vector2D End) in D:\Revamp\swf-troep+EMU\EMU2\HabboHotel\Rooms\PathFinding\PathFinder.cs:regel 36
   bij Habbie.HabboHotel.Rooms.RoomUserManager.OnCycle() in D:\Revamp\swf-troep+EMU\EMU2\HabboHotel\Rooms\RoomUserManager.cs:regel 916


Exception:
System.OverflowException: De rekenkundige bewerking heeft geresulteerd in een overloop.
   bij Habbie.HabboHotel.Rooms.Pathfinding.Vector2D.GetDistanceSquared(Vector2D Point) in D:\Revamp\swf-troep+EMU\EMU2\HabboHotel\Rooms\PathFinding\Vector2D.cs:regel 46
   bij Habbie.HabboHotel.Pathfinding.PathFinder.FindPathReversed(RoomUser User, Boolean Diag, Gamemap Map, Vector2D Start, Vector2D End) in D:\Revamp\swf-troep+EMU\EMU2\HabboHotel\Rooms\PathFinding\PathFinder.cs:regel 107
   bij Habbie.HabboHotel.Pathfinding.PathFinder.FindPath(RoomUser User, Boolean Diag, Gamemap Map, Vector2D Start, Vector2D End) in D:\Revamp\swf-troep+EMU\EMU2\HabboHotel\Rooms\PathFinding\PathFinder.cs:regel 36
   bij Habbie.HabboHotel.Rooms.RoomUserManager.OnCycle() in D:\Revamp\swf-troep+EMU\EMU2\HabboHotel\Rooms\RoomUserManager.cs:regel 916


Exception:
System.OverflowException: De rekenkundige bewerking heeft geresulteerd in een overloop.
   bij Habbie.HabboHotel.Rooms.Pathfinding.Vector2D.GetDistanceSquared(Vector2D Point) in D:\Revamp\swf-troep+EMU\EMU2\HabboHotel\Rooms\PathFinding\Vector2D.cs:regel 46
   bij Habbie.HabboHotel.Pathfinding.PathFinder.FindPathReversed(RoomUser User, Boolean Diag, Gamemap Map, Vector2D Start, Vector2D End) in D:\Revamp\swf-troep+EMU\EMU2\HabboHotel\Rooms\PathFinding\PathFinder.cs:regel 107
   bij Habbie.HabboHotel.Pathfinding.PathFinder.FindPath(RoomUser User, Boolean Diag, Gamemap Map, Vector2D Start, Vector2D End) in D:\Revamp\swf-troep+EMU\EMU2\HabboHotel\Rooms\PathFinding\PathFinder.cs:regel 36
   bij Habbie.HabboHotel.Rooms.RoomUserManager.OnCycle() in D:\Revamp\swf-troep+EMU\EMU2\HabboHotel\Rooms\RoomUserManager.cs:regel 916


Exception:
System.OverflowException: De rekenkundige bewerking heeft geresulteerd in een overloop.
   bij Habbie.HabboHotel.Rooms.Pathfinding.Vector2D.GetDistanceSquared(Vector2D Point) in D:\Revamp\swf-troep+EMU\EMU2\HabboHotel\Rooms\PathFinding\Vector2D.cs:regel 46
   bij Habbie.HabboHotel.Pathfinding.PathFinder.FindPathReversed(RoomUser User, Boolean Diag, Gamemap Map, Vector2D Start, Vector2D End) in D:\Revamp\swf-troep+EMU\EMU2\HabboHotel\Rooms\PathFinding\PathFinder.cs:regel 107
   bij Habbie.HabboHotel.Pathfinding.PathFinder.FindPath(RoomUser User, Boolean Diag, Gamemap Map, Vector2D Start, Vector2D End) in D:\Revamp\swf-troep+EMU\EMU2\HabboHotel\Rooms\PathFinding\PathFinder.cs:regel 36
   bij Habbie.HabboHotel.Rooms.RoomUserManager.OnCycle() in D:\Revamp\swf-troep+EMU\EMU2\HabboHotel\Rooms\RoomUserManager.cs:regel 916


Exception:
System.OverflowException: De rekenkundige bewerking heeft geresulteerd in een overloop.
   bij Habbie.HabboHotel.Rooms.Pathfinding.Vector2D.GetDistanceSquared(Vector2D Point) in D:\Revamp\swf-troep+EMU\EMU2\HabboHotel\Rooms\PathFinding\Vector2D.cs:regel 46
   bij Habbie.HabboHotel.Pathfinding.PathFinder.FindPathReversed(RoomUser User, Boolean Diag, Gamemap Map, Vector2D Start, Vector2D End) in D:\Revamp\swf-troep+EMU\EMU2\HabboHotel\Rooms\PathFinding\PathFinder.cs:regel 107
   bij Habbie.HabboHotel.Pathfinding.PathFinder.FindPath(RoomUser User, Boolean Diag, Gamemap Map, Vector2D Start, Vector2D End) in D:\Revamp\swf-troep+EMU\EMU2\HabboHotel\Rooms\PathFinding\PathFinder.cs:regel 36
   bij Habbie.HabboHotel.Rooms.RoomUserManager.OnCycle() in D:\Revamp\swf-troep+EMU\EMU2\HabboHotel\Rooms\RoomUserManager.cs:regel 916


Exception:
System.OverflowException: De rekenkundige bewerking heeft geresulteerd in een overloop.
   bij Habbie.HabboHotel.Rooms.Pathfinding.Vector2D.GetDistanceSquared(Vector2D Point) in D:\Revamp\swf-troep+EMU\EMU2\HabboHotel\Rooms\PathFinding\Vector2D.cs:regel 46
   bij Habbie.HabboHotel.Pathfinding.PathFinder.FindPathReversed(RoomUser User, Boolean Diag, Gamemap Map, Vector2D Start, Vector2D End) in D:\Revamp\swf-troep+EMU\EMU2\HabboHotel\Rooms\PathFinding\PathFinder.cs:regel 107
   bij Habbie.HabboHotel.Pathfinding.PathFinder.FindPath(RoomUser User, Boolean Diag, Gamemap Map, Vector2D Start, Vector2D End) in D:\Revamp\swf-troep+EMU\EMU2\HabboHotel\Rooms\PathFinding\PathFinder.cs:regel 36
   bij Habbie.HabboHotel.Rooms.RoomUserManager.OnCycle() in D:\Revamp\swf-troep+EMU\EMU2\HabboHotel\Rooms\RoomUserManager.cs:regel 916


Exception:
System.OverflowException: De rekenkundige bewerking heeft geresulteerd in een overloop.
   bij Habbie.HabboHotel.Rooms.Pathfinding.Vector2D.GetDistanceSquared(Vector2D Point) in D:\Revamp\swf-troep+EMU\EMU2\HabboHotel\Rooms\PathFinding\Vector2D.cs:regel 46
   bij Habbie.HabboHotel.Pathfinding.PathFinder.FindPathReversed(RoomUser User, Boolean Diag, Gamemap Map, Vector2D Start, Vector2D End) in D:\Revamp\swf-troep+EMU\EMU2\HabboHotel\Rooms\PathFinding\PathFinder.cs:regel 107
   bij Habbie.HabboHotel.Pathfinding.PathFinder.FindPath(RoomUser User, Boolean Diag, Gamemap Map, Vector2D Start, Vector2D End) in D:\Revamp\swf-troep+EMU\EMU2\HabboHotel\Rooms\PathFinding\PathFinder.cs:regel 36
   bij Habbie.HabboHotel.Rooms.RoomUserManager.OnCycle() in D:\Revamp\swf-troep+EMU\EMU2\HabboHotel\Rooms\RoomUserManager.cs:regel 916


Exception:
System.OverflowException: De rekenkundige bewerking heeft geresulteerd in een overloop.
   bij Habbie.HabboHotel.Rooms.Pathfinding.Vector2D.GetDistanceSquared(Vector2D Point) in D:\Revamp\swf-troep+EMU\EMU2\HabboHotel\Rooms\PathFinding\Vector2D.cs:regel 46
   bij Habbie.HabboHotel.Pathfinding.PathFinder.FindPathReversed(RoomUser User, Boolean Diag, Gamemap Map, Vector2D Start, Vector2D End) in D:\Revamp\swf-troep+EMU\EMU2\HabboHotel\Rooms\PathFinding\PathFinder.cs:regel 107
   bij Habbie.HabboHotel.Pathfinding.PathFinder.FindPath(RoomUser User, Boolean Diag, Gamemap Map, Vector2D Start, Vector2D End) in D:\Revamp\swf-troep+EMU\EMU2\HabboHotel\Rooms\PathFinding\PathFinder.cs:regel 36
   bij Habbie.HabboHotel.Rooms.RoomUserManager.OnCycle() in D:\Revamp\swf-troep+EMU\EMU2\HabboHotel\Rooms\RoomUserManager.cs:regel 916


Exception:
System.OverflowException: De rekenkundige bewerking heeft geresulteerd in een overloop.
   bij Habbie.HabboHotel.Rooms.Pathfinding.Vector2D.GetDistanceSquared(Vector2D Point) in D:\Revamp\swf-troep+EMU\EMU2\HabboHotel\Rooms\PathFinding\Vector2D.cs:regel 46
   bij Habbie.HabboHotel.Pathfinding.PathFinder.FindPathReversed(RoomUser User, Boolean Diag, Gamemap Map, Vector2D Start, Vector2D End) in D:\Revamp\swf-troep+EMU\EMU2\HabboHotel\Rooms\PathFinding\PathFinder.cs:regel 107
   bij Habbie.HabboHotel.Pathfinding.PathFinder.FindPath(RoomUser User, Boolean Diag, Gamemap Map, Vector2D Start, Vector2D End) in D:\Revamp\swf-troep+EMU\EMU2\HabboHotel\Rooms\PathFinding\PathFinder.cs:regel 36
   bij Habbie.HabboHotel.Rooms.RoomUserManager.OnCycle() in D:\Revamp\swf-troep+EMU\EMU2\HabboHotel\Rooms\RoomUserManager.cs:regel 916


Exception:
System.OverflowException: De rekenkundige bewerking heeft geresulteerd in een overloop.
   bij Habbie.HabboHotel.Rooms.Pathfinding.Vector2D.GetDistanceSquared(Vector2D Point) in D:\Revamp\swf-troep+EMU\EMU2\HabboHotel\Rooms\PathFinding\Vector2D.cs:regel 46
   bij Habbie.HabboHotel.Pathfinding.PathFinder.FindPathReversed(RoomUser User, Boolean Diag, Gamemap Map, Vector2D Start, Vector2D End) in D:\Revamp\swf-troep+EMU\EMU2\HabboHotel\Rooms\PathFinding\PathFinder.cs:regel 107
   bij Habbie.HabboHotel.Pathfinding.PathFinder.FindPath(RoomUser User, Boolean Diag, Gamemap Map, Vector2D Start, Vector2D End) in D:\Revamp\swf-troep+EMU\EMU2\HabboHotel\Rooms\PathFinding\PathFinder.cs:regel 36
   bij Habbie.HabboHotel.Rooms.RoomUserManager.OnCycle() in D:\Revamp\swf-troep+EMU\EMU2\HabboHotel\Rooms\RoomUserManager.cs:regel 916


Exception:
System.OverflowException: De rekenkundige bewerking heeft geresulteerd in een overloop.
   bij Habbie.HabboHotel.Rooms.Pathfinding.Vector2D.GetDistanceSquared(Vector2D Point) in D:\Revamp\swf-troep+EMU\EMU2\HabboHotel\Rooms\PathFinding\Vector2D.cs:regel 46
   bij Habbie.HabboHotel.Pathfinding.PathFinder.FindPathReversed(RoomUser User, Boolean Diag, Gamemap Map, Vector2D Start, Vector2D End) in D:\Revamp\swf-troep+EMU\EMU2\HabboHotel\Rooms\PathFinding\PathFinder.cs:regel 107
   bij Habbie.HabboHotel.Pathfinding.PathFinder.FindPath(RoomUser User, Boolean Diag, Gamemap Map, Vector2D Start, Vector2D End) in D:\Revamp\swf-troep+EMU\EMU2\HabboHotel\Rooms\PathFinding\PathFinder.cs:regel 36
   bij Habbie.HabboHotel.Rooms.RoomUserManager.OnCycle() in D:\Revamp\swf-troep+EMU\EMU2\HabboHotel\Rooms\RoomUserManager.cs:regel 916


Exception:
System.OverflowException: De rekenkundige bewerking heeft geresulteerd in een overloop.
   bij Habbie.HabboHotel.Rooms.Pathfinding.Vector2D.GetDistanceSquared(Vector2D Point) in D:\Revamp\swf-troep+EMU\EMU2\HabboHotel\Rooms\PathFinding\Vector2D.cs:regel 46
   bij Habbie.HabboHotel.Pathfinding.PathFinder.FindPathReversed(RoomUser User, Boolean Diag, Gamemap Map, Vector2D Start, Vector2D End) in D:\Revamp\swf-troep+EMU\EMU2\HabboHotel\Rooms\PathFinding\PathFinder.cs:regel 107
   bij Habbie.HabboHotel.Pathfinding.PathFinder.FindPath(RoomUser User, Boolean Diag, Gamemap Map, Vector2D Start, Vector2D End) in D:\Revamp\swf-troep+EMU\EMU2\HabboHotel\Rooms\PathFinding\PathFinder.cs:regel 36
   bij Habbie.HabboHotel.Rooms.RoomUserManager.OnCycle() in D:\Revamp\swf-troep+EMU\EMU2\HabboHotel\Rooms\RoomUserManager.cs:regel 916


Exception:
System.OverflowException: De rekenkundige bewerking heeft geresulteerd in een overloop.
   bij Habbie.HabboHotel.Rooms.Pathfinding.Vector2D.GetDistanceSquared(Vector2D Point) in D:\Revamp\swf-troep+EMU\EMU2\HabboHotel\Rooms\PathFinding\Vector2D.cs:regel 46
   bij Habbie.HabboHotel.Pathfinding.PathFinder.FindPathReversed(RoomUser User, Boolean Diag, Gamemap Map, Vector2D Start, Vector2D End) in D:\Revamp\swf-troep+EMU\EMU2\HabboHotel\Rooms\PathFinding\PathFinder.cs:regel 107
   bij Habbie.HabboHotel.Pathfinding.PathFinder.FindPath(RoomUser User, Boolean Diag, Gamemap Map, Vector2D Start, Vector2D End) in D:\Revamp\swf-troep+EMU\EMU2\HabboHotel\Rooms\PathFinding\PathFinder.cs:regel 36
   bij Habbie.HabboHotel.Rooms.RoomUserManager.OnCycle() in D:\Revamp\swf-troep+EMU\EMU2\HabboHotel\Rooms\RoomUserManager.cs:regel 916


Exception:
System.OverflowException: De rekenkundige bewerking heeft geresulteerd in een overloop.
   bij Habbie.HabboHotel.Rooms.Pathfinding.Vector2D.GetDistanceSquared(Vector2D Point) in D:\Revamp\swf-troep+EMU\EMU2\HabboHotel\Rooms\PathFinding\Vector2D.cs:regel 46
   bij Habbie.HabboHotel.Pathfinding.PathFinder.FindPathReversed(RoomUser User, Boolean Diag, Gamemap Map, Vector2D Start, Vector2D End) in D:\Revamp\swf-troep+EMU\EMU2\HabboHotel\Rooms\PathFinding\PathFinder.cs:regel 107
   bij Habbie.HabboHotel.Pathfinding.PathFinder.FindPath(RoomUser User, Boolean Diag, Gamemap Map, Vector2D Start, Vector2D End) in D:\Revamp\swf-troep+EMU\EMU2\HabboHotel\Rooms\PathFinding\PathFinder.cs:regel 36
   bij Habbie.HabboHotel.Rooms.RoomUserManager.OnCycle() in D:\Revamp\swf-troep+EMU\EMU2\HabboHotel\Rooms\RoomUserManager.cs:regel 916


Exception:
System.OverflowException: De rekenkundige bewerking heeft geresulteerd in een overloop.
   bij Habbie.HabboHotel.Rooms.Pathfinding.Vector2D.GetDistanceSquared(Vector2D Point) in D:\Revamp\swf-troep+EMU\EMU2\HabboHotel\Rooms\PathFinding\Vector2D.cs:regel 46
   bij Habbie.HabboHotel.Pathfinding.PathFinder.FindPathReversed(RoomUser User, Boolean Diag, Gamemap Map, Vector2D Start, Vector2D End) in D:\Revamp\swf-troep+EMU\EMU2\HabboHotel\Rooms\PathFinding\PathFinder.cs:regel 107
   bij Habbie.HabboHotel.Pathfinding.PathFinder.FindPath(RoomUser User, Boolean Diag, Gamemap Map, Vector2D Start, Vector2D End) in D:\Revamp\swf-troep+EMU\EMU2\HabboHotel\Rooms\PathFinding\PathFinder.cs:regel 36
   bij Habbie.HabboHotel.Rooms.RoomUserManager.OnCycle() in D:\Revamp\swf-troep+EMU\EMU2\HabboHotel\Rooms\RoomUserManager.cs:regel 916


Exception:
System.OverflowException: De rekenkundige bewerking heeft geresulteerd in een overloop.
   bij Habbie.HabboHotel.Rooms.Pathfinding.Vector2D.GetDistanceSquared(Vector2D Point) in D:\Revamp\swf-troep+EMU\EMU2\HabboHotel\Rooms\PathFinding\Vector2D.cs:regel 46
   bij Habbie.HabboHotel.Pathfinding.PathFinder.FindPathReversed(RoomUser User, Boolean Diag, Gamemap Map, Vector2D Start, Vector2D End) in D:\Revamp\swf-troep+EMU\EMU2\HabboHotel\Rooms\PathFinding\PathFinder.cs:regel 107
   bij Habbie.HabboHotel.Pathfinding.PathFinder.FindPath(RoomUser User, Boolean Diag, Gamemap Map, Vector2D Start, Vector2D End) in D:\Revamp\swf-troep+EMU\EMU2\HabboHotel\Rooms\PathFinding\PathFinder.cs:regel 36
   bij Habbie.HabboHotel.Rooms.RoomUserManager.OnCycle() in D:\Revamp\swf-troep+EMU\EMU2\HabboHotel\Rooms\RoomUserManager.cs:regel 916


Exception:
System.OverflowException: De rekenkundige bewerking heeft geresulteerd in een overloop.
   bij Habbie.HabboHotel.Rooms.Pathfinding.Vector2D.GetDistanceSquared(Vector2D Point) in D:\Revamp\swf-troep+EMU\EMU2\HabboHotel\Rooms\PathFinding\Vector2D.cs:regel 46
   bij Habbie.HabboHotel.Pathfinding.PathFinder.FindPathReversed(RoomUser User, Boolean Diag, Gamemap Map, Vector2D Start, Vector2D End) in D:\Revamp\swf-troep+EMU\EMU2\HabboHotel\Rooms\PathFinding\PathFinder.cs:regel 107
   bij Habbie.HabboHotel.Pathfinding.PathFinder.FindPath(RoomUser User, Boolean Diag, Gamemap Map, Vector2D Start, Vector2D End) in D:\Revamp\swf-troep+EMU\EMU2\HabboHotel\Rooms\PathFinding\PathFinder.cs:regel 36
   bij Habbie.HabboHotel.Rooms.RoomUserManager.OnCycle() in D:\Revamp\swf-troep+EMU\EMU2\HabboHotel\Rooms\RoomUserManager.cs:regel 916


Exception:
System.OverflowException: De rekenkundige bewerking heeft geresulteerd in een overloop.
   bij Habbie.HabboHotel.Rooms.Pathfinding.Vector2D.GetDistanceSquared(Vector2D Point) in D:\Revamp\swf-troep+EMU\EMU2\HabboHotel\Rooms\PathFinding\Vector2D.cs:regel 46
   bij Habbie.HabboHotel.Pathfinding.PathFinder.FindPathReversed(RoomUser User, Boolean Diag, Gamemap Map, Vector2D Start, Vector2D End) in D:\Revamp\swf-troep+EMU\EMU2\HabboHotel\Rooms\PathFinding\PathFinder.cs:regel 107
   bij Habbie.HabboHotel.Pathfinding.PathFinder.FindPath(RoomUser User, Boolean Diag, Gamemap Map, Vector2D Start, Vector2D End) in D:\Revamp\swf-troep+EMU\EMU2\HabboHotel\Rooms\PathFinding\PathFinder.cs:regel 36
   bij Habbie.HabboHotel.Rooms.RoomUserManager.OnCycle() in D:\Revamp\swf-troep+EMU\EMU2\HabboHotel\Rooms\RoomUserManager.cs:regel 916


Exception:
System.OverflowException: De rekenkundige bewerking heeft geresulteerd in een overloop.
   bij Habbie.HabboHotel.Rooms.Pathfinding.Vector2D.GetDistanceSquared(Vector2D Point) in D:\Revamp\swf-troep+EMU\EMU2\HabboHotel\Rooms\PathFinding\Vector2D.cs:regel 46
   bij Habbie.HabboHotel.Pathfinding.PathFinder.FindPathReversed(RoomUser User, Boolean Diag, Gamemap Map, Vector2D Start, Vector2D End) in D:\Revamp\swf-troep+EMU\EMU2\HabboHotel\Rooms\PathFinding\PathFinder.cs:regel 107
   bij Habbie.HabboHotel.Pathfinding.PathFinder.FindPath(RoomUser User, Boolean Diag, Gamemap Map, Vector2D Start, Vector2D End) in D:\Revamp\swf-troep+EMU\EMU2\HabboHotel\Rooms\PathFinding\PathFinder.cs:regel 36
   bij Habbie.HabboHotel.Rooms.RoomUserManager.OnCycle() in D:\Revamp\swf-troep+EMU\EMU2\HabboHotel\Rooms\RoomUserManager.cs:regel 916


Exception:
System.OverflowException: De rekenkundige bewerking heeft geresulteerd in een overloop.
   bij Habbie.HabboHotel.Rooms.Pathfinding.Vector2D.GetDistanceSquared(Vector2D Point) in D:\Revamp\swf-troep+EMU\EMU2\HabboHotel\Rooms\PathFinding\Vector2D.cs:regel 46
   bij Habbie.HabboHotel.Pathfinding.PathFinder.FindPathReversed(RoomUser User, Boolean Diag, Gamemap Map, Vector2D Start, Vector2D End) in D:\Revamp\swf-troep+EMU\EMU2\HabboHotel\Rooms\PathFinding\PathFinder.cs:regel 107
   bij Habbie.HabboHotel.Pathfinding.PathFinder.FindPath(RoomUser User, Boolean Diag, Gamemap Map, Vector2D Start, Vector2D End) in D:\Revamp\swf-troep+EMU\EMU2\HabboHotel\Rooms\PathFinding\PathFinder.cs:regel 36
   bij Habbie.HabboHotel.Rooms.RoomUserManager.OnCycle() in D:\Revamp\swf-troep+EMU\EMU2\HabboHotel\Rooms\RoomUserManager.cs:regel 916


Exception:
System.OverflowException: De rekenkundige bewerking heeft geresulteerd in een overloop.
   bij Habbie.HabboHotel.Rooms.Pathfinding.Vector2D.GetDistanceSquared(Vector2D Point) in D:\Revamp\swf-troep+EMU\EMU2\HabboHotel\Rooms\PathFinding\Vector2D.cs:regel 46
   bij Habbie.HabboHotel.Pathfinding.PathFinder.FindPathReversed(RoomUser User, Boolean Diag, Gamemap Map, Vector2D Start, Vector2D End) in D:\Revamp\swf-troep+EMU\EMU2\HabboHotel\Rooms\PathFinding\PathFinder.cs:regel 107
   bij Habbie.HabboHotel.Pathfinding.PathFinder.FindPath(RoomUser User, Boolean Diag, Gamemap Map, Vector2D Start, Vector2D End) in D:\Revamp\swf-troep+EMU\EMU2\HabboHotel\Rooms\PathFinding\PathFinder.cs:regel 36
   bij Habbie.HabboHotel.Rooms.RoomUserManager.OnCycle() in D:\Revamp\swf-troep+EMU\EMU2\HabboHotel\Rooms\RoomUserManager.cs:regel 916


Exception:
System.OverflowException: De rekenkundige bewerking heeft geresulteerd in een overloop.
   bij Habbie.HabboHotel.Rooms.Pathfinding.Vector2D.GetDistanceSquared(Vector2D Point) in D:\Revamp\swf-troep+EMU\EMU2\HabboHotel\Rooms\PathFinding\Vector2D.cs:regel 46
   bij Habbie.HabboHotel.Pathfinding.PathFinder.FindPathReversed(RoomUser User, Boolean Diag, Gamemap Map, Vector2D Start, Vector2D End) in D:\Revamp\swf-troep+EMU\EMU2\HabboHotel\Rooms\PathFinding\PathFinder.cs:regel 107
   bij Habbie.HabboHotel.Pathfinding.PathFinder.FindPath(RoomUser User, Boolean Diag, Gamemap Map, Vector2D Start, Vector2D End) in D:\Revamp\swf-troep+EMU\EMU2\HabboHotel\Rooms\PathFinding\PathFinder.cs:regel 36
   bij Habbie.HabboHotel.Rooms.RoomUserManager.OnCycle() in D:\Revamp\swf-troep+EMU\EMU2\HabboHotel\Rooms\RoomUserManager.cs:regel 916


Exception:
System.OverflowException: De rekenkundige bewerking heeft geresulteerd in een overloop.
   bij Habbie.HabboHotel.Rooms.Pathfinding.Vector2D.GetDistanceSquared(Vector2D Point) in D:\Revamp\swf-troep+EMU\EMU2\HabboHotel\Rooms\PathFinding\Vector2D.cs:regel 46
   bij Habbie.HabboHotel.Pathfinding.PathFinder.FindPathReversed(RoomUser User, Boolean Diag, Gamemap Map, Vector2D Start, Vector2D End) in D:\Revamp\swf-troep+EMU\EMU2\HabboHotel\Rooms\PathFinding\PathFinder.cs:regel 107
   bij Habbie.HabboHotel.Pathfinding.PathFinder.FindPath(RoomUser User, Boolean Diag, Gamemap Map, Vector2D Start, Vector2D End) in D:\Revamp\swf-troep+EMU\EMU2\HabboHotel\Rooms\PathFinding\PathFinder.cs:regel 36
   bij Habbie.HabboHotel.Rooms.RoomUserManager.OnCycle() in D:\Revamp\swf-troep+EMU\EMU2\HabboHotel\Rooms\RoomUserManager.cs:regel 916


Exception:
System.OverflowException: De rekenkundige bewerking heeft geresulteerd in een overloop.
   bij Habbie.HabboHotel.Rooms.Pathfinding.Vector2D.GetDistanceSquared(Vector2D Point) in D:\Revamp\swf-troep+EMU\EMU2\HabboHotel\Rooms\PathFinding\Vector2D.cs:regel 46
   bij Habbie.HabboHotel.Pathfinding.PathFinder.FindPathReversed(RoomUser User, Boolean Diag, Gamemap Map, Vector2D Start, Vector2D End) in D:\Revamp\swf-troep+EMU\EMU2\HabboHotel\Rooms\PathFinding\PathFinder.cs:regel 107
   bij Habbie.HabboHotel.Pathfinding.PathFinder.FindPath(RoomUser User, Boolean Diag, Gamemap Map, Vector2D Start, Vector2D End) in D:\Revamp\swf-troep+EMU\EMU2\HabboHotel\Rooms\PathFinding\PathFinder.cs:regel 36
   bij Habbie.HabboHotel.Rooms.RoomUserManager.OnCycle() in D:\Revamp\swf-troep+EMU\EMU2\HabboHotel\Rooms\RoomUserManager.cs:regel 916


Exception:
System.OverflowException: De rekenkundige bewerking heeft geresulteerd in een overloop.
   bij Habbie.HabboHotel.Rooms.Pathfinding.Vector2D.GetDistanceSquared(Vector2D Point) in D:\Revamp\swf-troep+EMU\EMU2\HabboHotel\Rooms\PathFinding\Vector2D.cs:regel 46
   bij Habbie.HabboHotel.Pathfinding.PathFinder.FindPathReversed(RoomUser User, Boolean Diag, Gamemap Map, Vector2D Start, Vector2D End) in D:\Revamp\swf-troep+EMU\EMU2\HabboHotel\Rooms\PathFinding\PathFinder.cs:regel 107
   bij Habbie.HabboHotel.Pathfinding.PathFinder.FindPath(RoomUser User, Boolean Diag, Gamemap Map, Vector2D Start, Vector2D End) in D:\Revamp\swf-troep+EMU\EMU2\HabboHotel\Rooms\PathFinding\PathFinder.cs:regel 36
   bij Habbie.HabboHotel.Rooms.RoomUserManager.OnCycle() in D:\Revamp\swf-troep+EMU\EMU2\HabboHotel\Rooms\RoomUserManager.cs:regel 916


Exception:
System.OverflowException: De rekenkundige bewerking heeft geresulteerd in een overloop.
   bij Habbie.HabboHotel.Rooms.Pathfinding.Vector2D.GetDistanceSquared(Vector2D Point) in D:\Revamp\swf-troep+EMU\EMU2\HabboHotel\Rooms\PathFinding\Vector2D.cs:regel 46
   bij Habbie.HabboHotel.Pathfinding.PathFinder.FindPathReversed(RoomUser User, Boolean Diag, Gamemap Map, Vector2D Start, Vector2D End) in D:\Revamp\swf-troep+EMU\EMU2\HabboHotel\Rooms\PathFinding\PathFinder.cs:regel 107
   bij Habbie.HabboHotel.Pathfinding.PathFinder.FindPath(RoomUser User, Boolean Diag, Gamemap Map, Vector2D Start, Vector2D End) in D:\Revamp\swf-troep+EMU\EMU2\HabboHotel\Rooms\PathFinding\PathFinder.cs:regel 36
   bij Habbie.HabboHotel.Rooms.RoomUserManager.OnCycle() in D:\Revamp\swf-troep+EMU\EMU2\HabboHotel\Rooms\RoomUserManager.cs:regel 916


Exception:
System.OverflowException: De rekenkundige bewerking heeft geresulteerd in een overloop.
   bij Habbie.HabboHotel.Rooms.Pathfinding.Vector2D.GetDistanceSquared(Vector2D Point) in D:\Revamp\swf-troep+EMU\EMU2\HabboHotel\Rooms\PathFinding\Vector2D.cs:regel 46
   bij Habbie.HabboHotel.Pathfinding.PathFinder.FindPathReversed(RoomUser User, Boolean Diag, Gamemap Map, Vector2D Start, Vector2D End) in D:\Revamp\swf-troep+EMU\EMU2\HabboHotel\Rooms\PathFinding\PathFinder.cs:regel 107
   bij Habbie.HabboHotel.Pathfinding.PathFinder.FindPath(RoomUser User, Boolean Diag, Gamemap Map, Vector2D Start, Vector2D End) in D:\Revamp\swf-troep+EMU\EMU2\HabboHotel\Rooms\PathFinding\PathFinder.cs:regel 36
   bij Habbie.HabboHotel.Rooms.RoomUserManager.OnCycle() in D:\Revamp\swf-troep+EMU\EMU2\HabboHotel\Rooms\RoomUserManager.cs:regel 916


Exception:
System.OverflowException: De rekenkundige bewerking heeft geresulteerd in een overloop.
   bij Habbie.HabboHotel.Rooms.Pathfinding.Vector2D.GetDistanceSquared(Vector2D Point) in D:\Revamp\swf-troep+EMU\EMU2\HabboHotel\Rooms\PathFinding\Vector2D.cs:regel 46
   bij Habbie.HabboHotel.Pathfinding.PathFinder.FindPathReversed(RoomUser User, Boolean Diag, Gamemap Map, Vector2D Start, Vector2D End) in D:\Revamp\swf-troep+EMU\EMU2\HabboHotel\Rooms\PathFinding\PathFinder.cs:regel 107
   bij Habbie.HabboHotel.Pathfinding.PathFinder.FindPath(RoomUser User, Boolean Diag, Gamemap Map, Vector2D Start, Vector2D End) in D:\Revamp\swf-troep+EMU\EMU2\HabboHotel\Rooms\PathFinding\PathFinder.cs:regel 36
   bij Habbie.HabboHotel.Rooms.RoomUserManager.OnCycle() in D:\Revamp\swf-troep+EMU\EMU2\HabboHotel\Rooms\RoomUserManager.cs:regel 916


Exception:
System.OverflowException: De rekenkundige bewerking heeft geresulteerd in een overloop.
   bij Habbie.HabboHotel.Rooms.Pathfinding.Vector2D.GetDistanceSquared(Vector2D Point) in D:\Revamp\swf-troep+EMU\EMU2\HabboHotel\Rooms\PathFinding\Vector2D.cs:regel 46
   bij Habbie.HabboHotel.Pathfinding.PathFinder.FindPathReversed(RoomUser User, Boolean Diag, Gamemap Map, Vector2D Start, Vector2D End) in D:\Revamp\swf-troep+EMU\EMU2\HabboHotel\Rooms\PathFinding\PathFinder.cs:regel 107
   bij Habbie.HabboHotel.Pathfinding.PathFinder.FindPath(RoomUser User, Boolean Diag, Gamemap Map, Vector2D Start, Vector2D End) in D:\Revamp\swf-troep+EMU\EMU2\HabboHotel\Rooms\PathFinding\PathFinder.cs:regel 36
   bij Habbie.HabboHotel.Rooms.RoomUserManager.OnCycle() in D:\Revamp\swf-troep+EMU\EMU2\HabboHotel\Rooms\RoomUserManager.cs:regel 916


Exception:
System.OverflowException: De rekenkundige bewerking heeft geresulteerd in een overloop.
   bij Habbie.HabboHotel.Rooms.Pathfinding.Vector2D.GetDistanceSquared(Vector2D Point) in D:\Revamp\swf-troep+EMU\EMU2\HabboHotel\Rooms\PathFinding\Vector2D.cs:regel 46
   bij Habbie.HabboHotel.Pathfinding.PathFinder.FindPathReversed(RoomUser User, Boolean Diag, Gamemap Map, Vector2D Start, Vector2D End) in D:\Revamp\swf-troep+EMU\EMU2\HabboHotel\Rooms\PathFinding\PathFinder.cs:regel 107
   bij Habbie.HabboHotel.Pathfinding.PathFinder.FindPath(RoomUser User, Boolean Diag, Gamemap Map, Vector2D Start, Vector2D End) in D:\Revamp\swf-troep+EMU\EMU2\HabboHotel\Rooms\PathFinding\PathFinder.cs:regel 36
   bij Habbie.HabboHotel.Rooms.RoomUserManager.OnCycle() in D:\Revamp\swf-troep+EMU\EMU2\HabboHotel\Rooms\RoomUserManager.cs:regel 916


Exception:
System.OverflowException: De rekenkundige bewerking heeft geresulteerd in een overloop.
   bij Habbie.HabboHotel.Rooms.Pathfinding.Vector2D.GetDistanceSquared(Vector2D Point) in D:\Revamp\swf-troep+EMU\EMU2\HabboHotel\Rooms\PathFinding\Vector2D.cs:regel 46
   bij Habbie.HabboHotel.Pathfinding.PathFinder.FindPathReversed(RoomUser User, Boolean Diag, Gamemap Map, Vector2D Start, Vector2D End) in D:\Revamp\swf-troep+EMU\EMU2\HabboHotel\Rooms\PathFinding\PathFinder.cs:regel 107
   bij Habbie.HabboHotel.Pathfinding.PathFinder.FindPath(RoomUser User, Boolean Diag, Gamemap Map, Vector2D Start, Vector2D End) in D:\Revamp\swf-troep+EMU\EMU2\HabboHotel\Rooms\PathFinding\PathFinder.cs:regel 36
   bij Habbie.HabboHotel.Rooms.RoomUserManager.OnCycle() in D:\Revamp\swf-troep+EMU\EMU2\HabboHotel\Rooms\RoomUserManager.cs:regel 916


Exception:
System.OverflowException: De rekenkundige bewerking heeft geresulteerd in een overloop.
   bij Habbie.HabboHotel.Rooms.Pathfinding.Vector2D.GetDistanceSquared(Vector2D Point) in D:\Revamp\swf-troep+EMU\EMU2\HabboHotel\Rooms\PathFinding\Vector2D.cs:regel 46
   bij Habbie.HabboHotel.Pathfinding.PathFinder.FindPathReversed(RoomUser User, Boolean Diag, Gamemap Map, Vector2D Start, Vector2D End) in D:\Revamp\swf-troep+EMU\EMU2\HabboHotel\Rooms\PathFinding\PathFinder.cs:regel 107
   bij Habbie.HabboHotel.Pathfinding.PathFinder.FindPath(RoomUser User, Boolean Diag, Gamemap Map, Vector2D Start, Vector2D End) in D:\Revamp\swf-troep+EMU\EMU2\HabboHotel\Rooms\PathFinding\PathFinder.cs:regel 36
   bij Habbie.HabboHotel.Rooms.RoomUserManager.OnCycle() in D:\Revamp\swf-troep+EMU\EMU2\HabboHotel\Rooms\RoomUserManager.cs:regel 916


Exception:
System.OverflowException: De rekenkundige bewerking heeft geresulteerd in een overloop.
   bij Habbie.HabboHotel.Rooms.Pathfinding.Vector2D.GetDistanceSquared(Vector2D Point) in D:\Revamp\swf-troep+EMU\EMU2\HabboHotel\Rooms\PathFinding\Vector2D.cs:regel 46
   bij Habbie.HabboHotel.Pathfinding.PathFinder.FindPathReversed(RoomUser User, Boolean Diag, Gamemap Map, Vector2D Start, Vector2D End) in D:\Revamp\swf-troep+EMU\EMU2\HabboHotel\Rooms\PathFinding\PathFinder.cs:regel 107
   bij Habbie.HabboHotel.Pathfinding.PathFinder.FindPath(RoomUser User, Boolean Diag, Gamemap Map, Vector2D Start, Vector2D End) in D:\Revamp\swf-troep+EMU\EMU2\HabboHotel\Rooms\PathFinding\PathFinder.cs:regel 36
   bij Habbie.HabboHotel.Rooms.RoomUserManager.OnCycle() in D:\Revamp\swf-troep+EMU\EMU2\HabboHotel\Rooms\RoomUserManager.cs:regel 916


Exception:
System.OverflowException: De rekenkundige bewerking heeft geresulteerd in een overloop.
   bij Habbie.HabboHotel.Rooms.Pathfinding.Vector2D.GetDistanceSquared(Vector2D Point) in D:\Revamp\swf-troep+EMU\EMU2\HabboHotel\Rooms\PathFinding\Vector2D.cs:regel 46
   bij Habbie.HabboHotel.Pathfinding.PathFinder.FindPathReversed(RoomUser User, Boolean Diag, Gamemap Map, Vector2D Start, Vector2D End) in D:\Revamp\swf-troep+EMU\EMU2\HabboHotel\Rooms\PathFinding\PathFinder.cs:regel 107
   bij Habbie.HabboHotel.Pathfinding.PathFinder.FindPath(RoomUser User, Boolean Diag, Gamemap Map, Vector2D Start, Vector2D End) in D:\Revamp\swf-troep+EMU\EMU2\HabboHotel\Rooms\PathFinding\PathFinder.cs:regel 36
   bij Habbie.HabboHotel.Rooms.RoomUserManager.OnCycle() in D:\Revamp\swf-troep+EMU\EMU2\HabboHotel\Rooms\RoomUserManager.cs:regel 916


Exception:
System.OverflowException: De rekenkundige bewerking heeft geresulteerd in een overloop.
   bij Habbie.HabboHotel.Rooms.Pathfinding.Vector2D.GetDistanceSquared(Vector2D Point) in D:\Revamp\swf-troep+EMU\EMU2\HabboHotel\Rooms\PathFinding\Vector2D.cs:regel 46
   bij Habbie.HabboHotel.Pathfinding.PathFinder.FindPathReversed(RoomUser User, Boolean Diag, Gamemap Map, Vector2D Start, Vector2D End) in D:\Revamp\swf-troep+EMU\EMU2\HabboHotel\Rooms\PathFinding\PathFinder.cs:regel 107
   bij Habbie.HabboHotel.Pathfinding.PathFinder.FindPath(RoomUser User, Boolean Diag, Gamemap Map, Vector2D Start, Vector2D End) in D:\Revamp\swf-troep+EMU\EMU2\HabboHotel\Rooms\PathFinding\PathFinder.cs:regel 36
   bij Habbie.HabboHotel.Rooms.RoomUserManager.OnCycle() in D:\Revamp\swf-troep+EMU\EMU2\HabboHotel\Rooms\RoomUserManager.cs:regel 916


Exception:
System.OverflowException: De rekenkundige bewerking heeft geresulteerd in een overloop.
   bij Habbie.HabboHotel.Rooms.Pathfinding.Vector2D.GetDistanceSquared(Vector2D Point) in D:\Revamp\swf-troep+EMU\EMU2\HabboHotel\Rooms\PathFinding\Vector2D.cs:regel 46
   bij Habbie.HabboHotel.Pathfinding.PathFinder.FindPathReversed(RoomUser User, Boolean Diag, Gamemap Map, Vector2D Start, Vector2D End) in D:\Revamp\swf-troep+EMU\EMU2\HabboHotel\Rooms\PathFinding\PathFinder.cs:regel 107
   bij Habbie.HabboHotel.Pathfinding.PathFinder.FindPath(RoomUser User, Boolean Diag, Gamemap Map, Vector2D Start, Vector2D End) in D:\Revamp\swf-troep+EMU\EMU2\HabboHotel\Rooms\PathFinding\PathFinder.cs:regel 36
   bij Habbie.HabboHotel.Rooms.RoomUserManager.OnCycle() in D:\Revamp\swf-troep+EMU\EMU2\HabboHotel\Rooms\RoomUserManager.cs:regel 916


Exception:
System.OverflowException: De rekenkundige bewerking heeft geresulteerd in een overloop.
   bij Habbie.HabboHotel.Rooms.Pathfinding.Vector2D.GetDistanceSquared(Vector2D Point) in D:\Revamp\swf-troep+EMU\EMU2\HabboHotel\Rooms\PathFinding\Vector2D.cs:regel 46
   bij Habbie.HabboHotel.Pathfinding.PathFinder.FindPathReversed(RoomUser User, Boolean Diag, Gamemap Map, Vector2D Start, Vector2D End) in D:\Revamp\swf-troep+EMU\EMU2\HabboHotel\Rooms\PathFinding\PathFinder.cs:regel 107
   bij Habbie.HabboHotel.Pathfinding.PathFinder.FindPath(RoomUser User, Boolean Diag, Gamemap Map, Vector2D Start, Vector2D End) in D:\Revamp\swf-troep+EMU\EMU2\HabboHotel\Rooms\PathFinding\PathFinder.cs:regel 36
   bij Habbie.HabboHotel.Rooms.RoomUserManager.OnCycle() in D:\Revamp\swf-troep+EMU\EMU2\HabboHotel\Rooms\RoomUserManager.cs:regel 916


Exception:
System.OverflowException: De rekenkundige bewerking heeft geresulteerd in een overloop.
   bij Habbie.HabboHotel.Rooms.Pathfinding.Vector2D.GetDistanceSquared(Vector2D Point) in D:\Revamp\swf-troep+EMU\EMU2\HabboHotel\Rooms\PathFinding\Vector2D.cs:regel 46
   bij Habbie.HabboHotel.Pathfinding.PathFinder.FindPathReversed(RoomUser User, Boolean Diag, Gamemap Map, Vector2D Start, Vector2D End) in D:\Revamp\swf-troep+EMU\EMU2\HabboHotel\Rooms\PathFinding\PathFinder.cs:regel 107
   bij Habbie.HabboHotel.Pathfinding.PathFinder.FindPath(RoomUser User, Boolean Diag, Gamemap Map, Vector2D Start, Vector2D End) in D:\Revamp\swf-troep+EMU\EMU2\HabboHotel\Rooms\PathFinding\PathFinder.cs:regel 36
   bij Habbie.HabboHotel.Rooms.RoomUserManager.OnCycle() in D:\Revamp\swf-troep+EMU\EMU2\HabboHotel\Rooms\RoomUserManager.cs:regel 916


Exception:
System.OverflowException: De rekenkundige bewerking heeft geresulteerd in een overloop.
   bij Habbie.HabboHotel.Rooms.Pathfinding.Vector2D.GetDistanceSquared(Vector2D Point) in D:\Revamp\swf-troep+EMU\EMU2\HabboHotel\Rooms\PathFinding\Vector2D.cs:regel 46
   bij Habbie.HabboHotel.Pathfinding.PathFinder.FindPathReversed(RoomUser User, Boolean Diag, Gamemap Map, Vector2D Start, Vector2D End) in D:\Revamp\swf-troep+EMU\EMU2\HabboHotel\Rooms\PathFinding\PathFinder.cs:regel 107
   bij Habbie.HabboHotel.Pathfinding.PathFinder.FindPath(RoomUser User, Boolean Diag, Gamemap Map, Vector2D Start, Vector2D End) in D:\Revamp\swf-troep+EMU\EMU2\HabboHotel\Rooms\PathFinding\PathFinder.cs:regel 36
   bij Habbie.HabboHotel.Rooms.RoomUserManager.OnCycle() in D:\Revamp\swf-troep+EMU\EMU2\HabboHotel\Rooms\RoomUserManager.cs:regel 916


Exception:
System.OverflowException: De rekenkundige bewerking heeft geresulteerd in een overloop.
   bij Habbie.HabboHotel.Rooms.Pathfinding.Vector2D.GetDistanceSquared(Vector2D Point) in D:\Revamp\swf-troep+EMU\EMU2\HabboHotel\Rooms\PathFinding\Vector2D.cs:regel 46
   bij Habbie.HabboHotel.Pathfinding.PathFinder.FindPathReversed(RoomUser User, Boolean Diag, Gamemap Map, Vector2D Start, Vector2D End) in D:\Revamp\swf-troep+EMU\EMU2\HabboHotel\Rooms\PathFinding\PathFinder.cs:regel 107
   bij Habbie.HabboHotel.Pathfinding.PathFinder.FindPath(RoomUser User, Boolean Diag, Gamemap Map, Vector2D Start, Vector2D End) in D:\Revamp\swf-troep+EMU\EMU2\HabboHotel\Rooms\PathFinding\PathFinder.cs:regel 36
   bij Habbie.HabboHotel.Rooms.RoomUserManager.OnCycle() in D:\Revamp\swf-troep+EMU\EMU2\HabboHotel\Rooms\RoomUserManager.cs:regel 916


Exception:
System.OverflowException: De rekenkundige bewerking heeft geresulteerd in een overloop.
   bij Habbie.HabboHotel.Rooms.Pathfinding.Vector2D.GetDistanceSquared(Vector2D Point) in D:\Revamp\swf-troep+EMU\EMU2\HabboHotel\Rooms\PathFinding\Vector2D.cs:regel 46
   bij Habbie.HabboHotel.Pathfinding.PathFinder.FindPathReversed(RoomUser User, Boolean Diag, Gamemap Map, Vector2D Start, Vector2D End) in D:\Revamp\swf-troep+EMU\EMU2\HabboHotel\Rooms\PathFinding\PathFinder.cs:regel 107
   bij Habbie.HabboHotel.Pathfinding.PathFinder.FindPath(RoomUser User, Boolean Diag, Gamemap Map, Vector2D Start, Vector2D End) in D:\Revamp\swf-troep+EMU\EMU2\HabboHotel\Rooms\PathFinding\PathFinder.cs:regel 36
   bij Habbie.HabboHotel.Rooms.RoomUserManager.OnCycle() in D:\Revamp\swf-troep+EMU\EMU2\HabboHotel\Rooms\RoomUserManager.cs:regel 916


Exception:
System.OverflowException: De rekenkundige bewerking heeft geresulteerd in een overloop.
   bij Habbie.HabboHotel.Rooms.Pathfinding.Vector2D.GetDistanceSquared(Vector2D Point) in D:\Revamp\swf-troep+EMU\EMU2\HabboHotel\Rooms\PathFinding\Vector2D.cs:regel 46
   bij Habbie.HabboHotel.Pathfinding.PathFinder.FindPathReversed(RoomUser User, Boolean Diag, Gamemap Map, Vector2D Start, Vector2D End) in D:\Revamp\swf-troep+EMU\EMU2\HabboHotel\Rooms\PathFinding\PathFinder.cs:regel 107
   bij Habbie.HabboHotel.Pathfinding.PathFinder.FindPath(RoomUser User, Boolean Diag, Gamemap Map, Vector2D Start, Vector2D End) in D:\Revamp\swf-troep+EMU\EMU2\HabboHotel\Rooms\PathFinding\PathFinder.cs:regel 36
   bij Habbie.HabboHotel.Rooms.RoomUserManager.OnCycle() in D:\Revamp\swf-troep+EMU\EMU2\HabboHotel\Rooms\RoomUserManager.cs:regel 916


Exception:
System.OverflowException: De rekenkundige bewerking heeft geresulteerd in een overloop.
   bij Habbie.HabboHotel.Rooms.Pathfinding.Vector2D.GetDistanceSquared(Vector2D Point) in D:\Revamp\swf-troep+EMU\EMU2\HabboHotel\Rooms\PathFinding\Vector2D.cs:regel 46
   bij Habbie.HabboHotel.Pathfinding.PathFinder.FindPathReversed(RoomUser User, Boolean Diag, Gamemap Map, Vector2D Start, Vector2D End) in D:\Revamp\swf-troep+EMU\EMU2\HabboHotel\Rooms\PathFinding\PathFinder.cs:regel 107
   bij Habbie.HabboHotel.Pathfinding.PathFinder.FindPath(RoomUser User, Boolean Diag, Gamemap Map, Vector2D Start, Vector2D End) in D:\Revamp\swf-troep+EMU\EMU2\HabboHotel\Rooms\PathFinding\PathFinder.cs:regel 36
   bij Habbie.HabboHotel.Rooms.RoomUserManager.OnCycle() in D:\Revamp\swf-troep+EMU\EMU2\HabboHotel\Rooms\RoomUserManager.cs:regel 916


Exception:
System.OverflowException: De rekenkundige bewerking heeft geresulteerd in een overloop.
   bij Habbie.HabboHotel.Rooms.Pathfinding.Vector2D.GetDistanceSquared(Vector2D Point) in D:\Revamp\swf-troep+EMU\EMU2\HabboHotel\Rooms\PathFinding\Vector2D.cs:regel 46
   bij Habbie.HabboHotel.Pathfinding.PathFinder.FindPathReversed(RoomUser User, Boolean Diag, Gamemap Map, Vector2D Start, Vector2D End) in D:\Revamp\swf-troep+EMU\EMU2\HabboHotel\Rooms\PathFinding\PathFinder.cs:regel 107
   bij Habbie.HabboHotel.Pathfinding.PathFinder.FindPath(RoomUser User, Boolean Diag, Gamemap Map, Vector2D Start, Vector2D End) in D:\Revamp\swf-troep+EMU\EMU2\HabboHotel\Rooms\PathFinding\PathFinder.cs:regel 36
   bij Habbie.HabboHotel.Rooms.RoomUserManager.OnCycle() in D:\Revamp\swf-troep+EMU\EMU2\HabboHotel\Rooms\RoomUserManager.cs:regel 916


Exception:
System.OverflowException: De rekenkundige bewerking heeft geresulteerd in een overloop.
   bij Habbie.HabboHotel.Rooms.Pathfinding.Vector2D.GetDistanceSquared(Vector2D Point) in D:\Revamp\swf-troep+EMU\EMU2\HabboHotel\Rooms\PathFinding\Vector2D.cs:regel 46
   bij Habbie.HabboHotel.Pathfinding.PathFinder.FindPathReversed(RoomUser User, Boolean Diag, Gamemap Map, Vector2D Start, Vector2D End) in D:\Revamp\swf-troep+EMU\EMU2\HabboHotel\Rooms\PathFinding\PathFinder.cs:regel 107
   bij Habbie.HabboHotel.Pathfinding.PathFinder.FindPath(RoomUser User, Boolean Diag, Gamemap Map, Vector2D Start, Vector2D End) in D:\Revamp\swf-troep+EMU\EMU2\HabboHotel\Rooms\PathFinding\PathFinder.cs:regel 36
   bij Habbie.HabboHotel.Rooms.RoomUserManager.OnCycle() in D:\Revamp\swf-troep+EMU\EMU2\HabboHotel\Rooms\RoomUserManager.cs:regel 916


Exception:
System.OverflowException: De rekenkundige bewerking heeft geresulteerd in een overloop.
   bij Habbie.HabboHotel.Rooms.Pathfinding.Vector2D.GetDistanceSquared(Vector2D Point) in D:\Revamp\swf-troep+EMU\EMU2\HabboHotel\Rooms\PathFinding\Vector2D.cs:regel 46
   bij Habbie.HabboHotel.Pathfinding.PathFinder.FindPathReversed(RoomUser User, Boolean Diag, Gamemap Map, Vector2D Start, Vector2D End) in D:\Revamp\swf-troep+EMU\EMU2\HabboHotel\Rooms\PathFinding\PathFinder.cs:regel 107
   bij Habbie.HabboHotel.Pathfinding.PathFinder.FindPath(RoomUser User, Boolean Diag, Gamemap Map, Vector2D Start, Vector2D End) in D:\Revamp\swf-troep+EMU\EMU2\HabboHotel\Rooms\PathFinding\PathFinder.cs:regel 36
   bij Habbie.HabboHotel.Rooms.RoomUserManager.OnCycle() in D:\Revamp\swf-troep+EMU\EMU2\HabboHotel\Rooms\RoomUserManager.cs:regel 916


Exception:
System.OverflowException: De rekenkundige bewerking heeft geresulteerd in een overloop.
   bij Habbie.HabboHotel.Rooms.Pathfinding.Vector2D.GetDistanceSquared(Vector2D Point) in D:\Revamp\swf-troep+EMU\EMU2\HabboHotel\Rooms\PathFinding\Vector2D.cs:regel 46
   bij Habbie.HabboHotel.Pathfinding.PathFinder.FindPathReversed(RoomUser User, Boolean Diag, Gamemap Map, Vector2D Start, Vector2D End) in D:\Revamp\swf-troep+EMU\EMU2\HabboHotel\Rooms\PathFinding\PathFinder.cs:regel 107
   bij Habbie.HabboHotel.Pathfinding.PathFinder.FindPath(RoomUser User, Boolean Diag, Gamemap Map, Vector2D Start, Vector2D End) in D:\Revamp\swf-troep+EMU\EMU2\HabboHotel\Rooms\PathFinding\PathFinder.cs:regel 36
   bij Habbie.HabboHotel.Rooms.RoomUserManager.OnCycle() in D:\Revamp\swf-troep+EMU\EMU2\HabboHotel\Rooms\RoomUserManager.cs:regel 916


Exception:
System.OverflowException: De rekenkundige bewerking heeft geresulteerd in een overloop.
   bij Habbie.HabboHotel.Rooms.Pathfinding.Vector2D.GetDistanceSquared(Vector2D Point) in D:\Revamp\swf-troep+EMU\EMU2\HabboHotel\Rooms\PathFinding\Vector2D.cs:regel 46
   bij Habbie.HabboHotel.Pathfinding.PathFinder.FindPathReversed(RoomUser User, Boolean Diag, Gamemap Map, Vector2D Start, Vector2D End) in D:\Revamp\swf-troep+EMU\EMU2\HabboHotel\Rooms\PathFinding\PathFinder.cs:regel 107
   bij Habbie.HabboHotel.Pathfinding.PathFinder.FindPath(RoomUser User, Boolean Diag, Gamemap Map, Vector2D Start, Vector2D End) in D:\Revamp\swf-troep+EMU\EMU2\HabboHotel\Rooms\PathFinding\PathFinder.cs:regel 36
   bij Habbie.HabboHotel.Rooms.RoomUserManager.OnCycle() in D:\Revamp\swf-troep+EMU\EMU2\HabboHotel\Rooms\RoomUserManager.cs:regel 916


Exception:
System.OverflowException: De rekenkundige bewerking heeft geresulteerd in een overloop.
   bij Habbie.HabboHotel.Rooms.Pathfinding.Vector2D.GetDistanceSquared(Vector2D Point) in D:\Revamp\swf-troep+EMU\EMU2\HabboHotel\Rooms\PathFinding\Vector2D.cs:regel 46
   bij Habbie.HabboHotel.Pathfinding.PathFinder.FindPathReversed(RoomUser User, Boolean Diag, Gamemap Map, Vector2D Start, Vector2D End) in D:\Revamp\swf-troep+EMU\EMU2\HabboHotel\Rooms\PathFinding\PathFinder.cs:regel 107
   bij Habbie.HabboHotel.Pathfinding.PathFinder.FindPath(RoomUser User, Boolean Diag, Gamemap Map, Vector2D Start, Vector2D End) in D:\Revamp\swf-troep+EMU\EMU2\HabboHotel\Rooms\PathFinding\PathFinder.cs:regel 36
   bij Habbie.HabboHotel.Rooms.RoomUserManager.OnCycle() in D:\Revamp\swf-troep+EMU\EMU2\HabboHotel\Rooms\RoomUserManager.cs:regel 916


Exception:
System.OverflowException: De rekenkundige bewerking heeft geresulteerd in een overloop.
   bij Habbie.HabboHotel.Rooms.Pathfinding.Vector2D.GetDistanceSquared(Vector2D Point) in D:\Revamp\swf-troep+EMU\EMU2\HabboHotel\Rooms\PathFinding\Vector2D.cs:regel 46
   bij Habbie.HabboHotel.Pathfinding.PathFinder.FindPathReversed(RoomUser User, Boolean Diag, Gamemap Map, Vector2D Start, Vector2D End) in D:\Revamp\swf-troep+EMU\EMU2\HabboHotel\Rooms\PathFinding\PathFinder.cs:regel 107
   bij Habbie.HabboHotel.Pathfinding.PathFinder.FindPath(RoomUser User, Boolean Diag, Gamemap Map, Vector2D Start, Vector2D End) in D:\Revamp\swf-troep+EMU\EMU2\HabboHotel\Rooms\PathFinding\PathFinder.cs:regel 36
   bij Habbie.HabboHotel.Rooms.RoomUserManager.OnCycle() in D:\Revamp\swf-troep+EMU\EMU2\HabboHotel\Rooms\RoomUserManager.cs:regel 916

