Date/Time: 2017-09-12 15:36:06,331
Thread: 1
Erro fatal durante a inicialização:System.ArgumentException: Unable to locate configuration file at 'C:\Users\thiag\Desktop\EmulatorsNet\Bios\Bios\bin\Debug\BiosConfingThiago/config.ini'.
   em Bios.Core.ConfigurationData..ctor(String filePath, Boolean maynotexist) na C:\Users\thiag\Desktop\EmulatorsNet\Bios\Bios\Core\ConfigurationData.cs:linha 20
   em Bios.BiosEmuThiago.Initialize() na C:\Users\thiag\Desktop\EmulatorsNet\Bios\Bios\BiosEmuThiago.cs:linha 166

Date/Time: 2017-09-12 15:36:06,477
Thread: 1
Pressione uma tecla para sair

Date/Time: 2017-09-15 20:44:26,424
Thread: 1
Erro fatal durante a inicialização:System.NullReferenceException: Referência de objeto não definida para uma instância de um objeto.
   em Bios.HabboHotel.LandingView.LandingViewManager.LoadHallOfFame() na C:\Users\thiag\Desktop\EmulatorsNet\Bios\Bios\HabboHotel\LandingView\LandingViewManager.cs:linha 37
   em Bios.HabboHotel.LandingView.LandingViewManager..ctor() na C:\Users\thiag\Desktop\EmulatorsNet\Bios\Bios\HabboHotel\LandingView\LandingViewManager.cs:linha 32
   em Bios.HabboHotel.Game..ctor() na C:\Users\thiag\Desktop\EmulatorsNet\Bios\Bios\HabboHotel\Game.cs:linha 133
   em Bios.BiosEmuThiago.Initialize() na C:\Users\thiag\Desktop\EmulatorsNet\Bios\Bios\BiosEmuThiago.cs:linha 211

Date/Time: 2017-09-15 20:44:26,447
Thread: 1
Pressione uma tecla para sair

Date/Time: 2017-09-15 20:45:19,400
Thread: 1
Erro fatal durante a inicialização:System.NullReferenceException: Referência de objeto não definida para uma instância de um objeto.
   em Bios.HabboHotel.LandingView.LandingViewManager.LoadHallOfFame() na C:\Users\thiag\Desktop\EmulatorsNet\Bios\Bios\HabboHotel\LandingView\LandingViewManager.cs:linha 37
   em Bios.HabboHotel.LandingView.LandingViewManager..ctor() na C:\Users\thiag\Desktop\EmulatorsNet\Bios\Bios\HabboHotel\LandingView\LandingViewManager.cs:linha 32
   em Bios.HabboHotel.Game..ctor() na C:\Users\thiag\Desktop\EmulatorsNet\Bios\Bios\HabboHotel\Game.cs:linha 133
   em Bios.BiosEmuThiago.Initialize() na C:\Users\thiag\Desktop\EmulatorsNet\Bios\Bios\BiosEmuThiago.cs:linha 211

Date/Time: 2017-09-15 20:45:19,409
Thread: 1
Pressione uma tecla para sair

Date/Time: 2017-09-16 19:23:41,442
Thread: 1
nstop is an unknown or unsupported command. Type help for more information

Date/Time: 2017-09-19 20:54:42,462
Thread: 1
astop is an unknown or unsupported command. Type help for more information

Date/Time: 2017-09-19 21:21:44,169
Thread: 1
a is an unknown or unsupported command. Type help for more information

Date/Time: 2017-09-28 13:47:14,854
Thread: 1
Ops, o id {18716}, do pack no catalogo esta com erro!

Date/Time: 2017-09-28 13:58:20,241
Thread: 1
Ops, o id {18716}, do pack no catalogo esta com erro!

Date/Time: 2017-09-28 15:07:56,717
Thread: 95
Ops, o id {18716}, do pack no catalogo esta com erro!

Date/Time: 2017-09-28 15:18:38,391
Thread: 100
Ops, o id {18716}, do pack no catalogo esta com erro!

Date/Time: 2017-09-28 19:14:32,326
Thread: 277
Ops, o id {18716}, do pack no catalogo esta com erro!

Date/Time: 2017-09-28 19:25:12,904
Thread: 323
Ops, o id {18716}, do pack no catalogo esta com erro!

Date/Time: 2017-09-28 19:25:55,170
Thread: 320
Ops, o id {18716}, do pack no catalogo esta com erro!

Date/Time: 2017-09-28 19:29:01,083
Thread: 307
Ops, o id {18716}, do pack no catalogo esta com erro!

Date/Time: 2017-09-28 19:30:07,574
Thread: 307
Ops, o id {18716}, do pack no catalogo esta com erro!

Date/Time: 2017-09-28 19:49:17,350
Thread: 267
Ops, o id {18716}, do pack no catalogo esta com erro!

Date/Time: 2017-09-28 19:54:44,766
Thread: 272
Ops, o id {18716}, do pack no catalogo esta com erro!

Date/Time: 2017-09-28 20:03:05,199
Thread: 316
Ops, o id {18716}, do pack no catalogo esta com erro!

Date/Time: 2017-09-28 20:08:15,070
Thread: 252
Ops, o id {18716}, do pack no catalogo esta com erro!

Date/Time: 2017-09-28 21:04:20,886
Thread: 1
Ops, o id {18716}, do pack no catalogo esta com erro!

Date/Time: 2017-09-28 21:21:24,059
Thread: 1
Ops, o id {18716}, do pack no catalogo esta com erro!

Date/Time: 2017-09-28 21:36:27,507
Thread: 1
Ops, o id {18716}, do pack no catalogo esta com erro!

Date/Time: 2017-09-28 21:40:14,730
Thread: 1
Ops, o id {18716}, do pack no catalogo esta com erro!

Date/Time: 2017-09-28 21:50:09,699
Thread: 1
Ops, o id {18716}, do pack no catalogo esta com erro!

Date/Time: 2017-09-28 21:57:43,911
Thread: 1
Ops, o id {18716}, do pack no catalogo esta com erro!

Date/Time: 2017-09-28 22:31:10,784
Thread: 1
Ops, o id {18716}, do pack no catalogo esta com erro!

Date/Time: 2017-09-28 22:39:01,793
Thread: 1
stp is an unknown or unsupported command. Type help for more information

Date/Time: 2017-09-28 22:44:16,332
Thread: 1
Ops, o id {18716}, do pack no catalogo esta com erro!

Date/Time: 2017-09-28 22:54:10,671
Thread: 1
Ops, o id {18716}, do pack no catalogo esta com erro!

Date/Time: 2017-09-28 23:16:47,150
Thread: 1
 is an unknown or unsupported command. Type help for more information

Date/Time: 2017-09-29 14:01:05,828
Thread: 1
Ops, o id {18716}, do pack no catalogo esta com erro!

Date/Time: 2017-09-29 14:07:17,374
Thread: 1
Ops, o id {18716}, do pack no catalogo esta com erro!

Date/Time: 2017-09-29 14:11:27,177
Thread: 1
Ops, o id {18716}, do pack no catalogo esta com erro!

Date/Time: 2017-09-29 14:16:06,095
Thread: 1
Ops, o id {18716}, do pack no catalogo esta com erro!

Date/Time: 2017-09-29 14:28:01,569
Thread: 1
Ops, o id {18716}, do pack no catalogo esta com erro!

Date/Time: 2017-09-29 14:31:33,524
Thread: 1
Ops, o id {18716}, do pack no catalogo esta com erro!

Date/Time: 2017-09-29 14:34:36,276
Thread: 1
Ops, o id {18716}, do pack no catalogo esta com erro!

Date/Time: 2017-09-29 14:39:56,736
Thread: 1
Ops, o id {18716}, do pack no catalogo esta com erro!

Date/Time: 2017-09-29 14:42:56,318
Thread: 1
Ops, o id {18716}, do pack no catalogo esta com erro!

Date/Time: 2017-09-29 14:52:17,205
Thread: 1
Ops, o id {18716}, do pack no catalogo esta com erro!

Date/Time: 2017-09-29 15:09:59,260
Thread: 1
Ops, o id {18716}, do pack no catalogo esta com erro!

Date/Time: 2017-09-29 15:39:13,377
Thread: 1
Ops, o id {18716}, do pack no catalogo esta com erro!

Date/Time: 2017-09-29 15:43:25,629
Thread: 1
Ops, o id {18716}, do pack no catalogo esta com erro!

Date/Time: 2017-09-29 15:46:03,809
Thread: 1
Ops, o id {18716}, do pack no catalogo esta com erro!

Date/Time: 2017-09-29 15:49:57,153
Thread: 1
Ops, o id {18716}, do pack no catalogo esta com erro!

Date/Time: 2017-09-29 15:57:31,691
Thread: 1
Ops, o id {18716}, do pack no catalogo esta com erro!

Date/Time: 2017-09-29 16:03:17,955
Thread: 1
Ops, o id {18716}, do pack no catalogo esta com erro!

Date/Time: 2017-09-29 17:33:46,966
Thread: 1
Ops, o id {18716}, do pack no catalogo esta com erro!

Date/Time: 2017-09-29 17:39:47,143
Thread: 30
Ops, o id {18716}, do pack no catalogo esta com erro!

Date/Time: 2017-09-29 17:51:58,923
Thread: 1
Ops, o id {18716}, do pack no catalogo esta com erro!

Date/Time: 2017-09-29 19:08:43,663
Thread: 1
Ops, o id {18716}, do pack no catalogo esta com erro!

Date/Time: 2017-09-29 19:09:48,049
Thread: 1
Ops, o id {18716}, do pack no catalogo esta com erro!

Date/Time: 2017-09-29 19:18:54,540
Thread: 1
Ops, o id {18716}, do pack no catalogo esta com erro!

Date/Time: 2017-09-29 19:25:36,001
Thread: 1
Ops, o id {18716}, do pack no catalogo esta com erro!

Date/Time: 2017-09-29 19:27:26,899
Thread: 1
Ops, o id {18716}, do pack no catalogo esta com erro!

Date/Time: 2017-09-29 19:32:34,288
Thread: 1
Ops, o id {18716}, do pack no catalogo esta com erro!

Date/Time: 2017-09-29 19:37:28,263
Thread: 1
Ops, o id {18716}, do pack no catalogo esta com erro!

Date/Time: 2017-09-29 19:38:57,079
Thread: 1
Ops, o id {18716}, do pack no catalogo esta com erro!

Date/Time: 2017-09-29 19:43:45,197
Thread: 1
 is an unknown or unsupported command. Type help for more information

Date/Time: 2017-09-29 19:51:33,335
Thread: 1
Ops, o id {18716}, do pack no catalogo esta com erro!

Date/Time: 2017-09-29 20:11:51,978
Thread: 1
Ops, o id {18716}, do pack no catalogo esta com erro!

Date/Time: 2017-09-29 20:29:53,760
Thread: 1
Ops, o id {18716}, do pack no catalogo esta com erro!

Date/Time: 2017-09-29 20:41:21,218
Thread: 1
Ops, o id {18716}, do pack no catalogo esta com erro!

Date/Time: 2017-09-29 20:44:00,798
Thread: 1
Ops, o id {18716}, do pack no catalogo esta com erro!

Date/Time: 2017-09-29 20:54:42,652
Thread: 1
Ops, o id {18716}, do pack no catalogo esta com erro!

Date/Time: 2017-09-29 20:55:29,054
Thread: 1
Ops, o id {18716}, do pack no catalogo esta com erro!

Date/Time: 2017-09-29 21:07:35,951
Thread: 1
Ops, o id {18716}, do pack no catalogo esta com erro!

Date/Time: 2017-09-29 21:20:40,116
Thread: 1
Ops, o id {18716}, do pack no catalogo esta com erro!

Date/Time: 2017-09-29 21:24:34,703
Thread: 1
Ops, o id {18716}, do pack no catalogo esta com erro!

Date/Time: 2017-09-29 21:44:51,564
Thread: 1
Ops, o id {18716}, do pack no catalogo esta com erro!

Date/Time: 2017-09-30 10:02:56,010
Thread: 1
Ops, o id {18716}, do pack no catalogo esta com erro!

Date/Time: 2017-09-30 10:07:47,188
Thread: 29
Ops, o id {18716}, do pack no catalogo esta com erro!

Date/Time: 2017-09-30 11:03:58,452
Thread: 1
Ops, o id {18716}, do pack no catalogo esta com erro!

Date/Time: 2017-09-30 11:31:42,088
Thread: 1
Ops, o id {18716}, do pack no catalogo esta com erro!

Date/Time: 2017-09-30 11:36:15,170
Thread: 1
Ops, o id {18716}, do pack no catalogo esta com erro!

Date/Time: 2017-09-30 12:22:06,714
Thread: 1
Ops, o id {18716}, do pack no catalogo esta com erro!

Date/Time: 2017-09-30 12:41:14,483
Thread: 1
Ops, o id {18716}, do pack no catalogo esta com erro!

Date/Time: 2017-09-30 13:01:30,056
Thread: 1
Ops, o id {18716}, do pack no catalogo esta com erro!

Date/Time: 2017-09-30 13:05:51,188
Thread: 1
Ops, o id {18716}, do pack no catalogo esta com erro!

Date/Time: 2017-09-30 13:23:32,486
Thread: 1
Ops, o id {18716}, do pack no catalogo esta com erro!

Date/Time: 2017-09-30 13:31:52,576
Thread: 1
Ops, o id {18716}, do pack no catalogo esta com erro!

Date/Time: 2017-09-30 13:33:00,502
Thread: 1
Ops, o id {18716}, do pack no catalogo esta com erro!

Date/Time: 2017-09-30 14:06:44,609
Thread: 1
Ops, o id {18716}, do pack no catalogo esta com erro!

Date/Time: 2017-09-30 14:33:02,028
Thread: 1
Ops, o id {18716}, do pack no catalogo esta com erro!

Date/Time: 2017-09-30 20:35:40,149
Thread: 1
Ops, o id {18716}, do pack no catalogo esta com erro!

Date/Time: 2017-09-30 20:46:00,473
Thread: 1
Ops, o id {18716}, do pack no catalogo esta com erro!

Date/Time: 2017-09-30 21:15:04,857
Thread: 1
Ops, o id {18716}, do pack no catalogo esta com erro!

Date/Time: 2017-10-01 11:02:55,550
Thread: 1
Ops, o id {18716}, do pack no catalogo esta com erro!

Date/Time: 2017-10-01 15:19:50,911
Thread: 1
Ops, o id {18716}, do pack no catalogo esta com erro!

Date/Time: 2017-10-02 16:35:24,871
Thread: 1
Ops, o id {18716}, do pack no catalogo esta com erro!

Date/Time: 2017-10-02 16:48:49,457
Thread: 1
Ops, o id {18716}, do pack no catalogo esta com erro!

Date/Time: 2017-10-02 18:00:59,334
Thread: 1
Ops, o id {18716}, do pack no catalogo esta com erro!

Date/Time: 2017-10-02 18:39:20,035
Thread: 117
Ops, o id {18716}, do pack no catalogo esta com erro!

Date/Time: 2017-10-02 18:41:10,698
Thread: 104
Ops, o id {18716}, do pack no catalogo esta com erro!

Date/Time: 2017-10-02 18:42:19,087
Thread: 104
Ops, o id {18716}, do pack no catalogo esta com erro!

Date/Time: 2017-10-02 18:46:16,343
Thread: 94
Ops, o id {18716}, do pack no catalogo esta com erro!

Date/Time: 2017-10-02 18:49:37,708
Thread: 1
mastop is an unknown or unsupported command. Type help for more information

Date/Time: 2017-10-02 18:52:17,212
Thread: 1
Ops, o id {18716}, do pack no catalogo esta com erro!

Date/Time: 2017-10-02 19:10:31,972
Thread: 1
Ops, o id {18716}, do pack no catalogo esta com erro!

Date/Time: 2017-10-02 19:25:15,408
Thread: 1
Ops, o id {18716}, do pack no catalogo esta com erro!

Date/Time: 2017-10-02 19:35:24,772
Thread: 1
Ops, o id {18716}, do pack no catalogo esta com erro!

Date/Time: 2017-10-02 19:47:06,724
Thread: 1
Ops, o id {18716}, do pack no catalogo esta com erro!

Date/Time: 2017-10-02 20:28:06,442
Thread: 1
Ops, o id {18716}, do pack no catalogo esta com erro!

Date/Time: 2017-10-02 20:35:25,623
Thread: 1
Ops, o id {18716}, do pack no catalogo esta com erro!

Date/Time: 2017-10-02 20:41:04,148
Thread: 1
Ops, o id {18716}, do pack no catalogo esta com erro!

Date/Time: 2017-10-02 20:48:19,794
Thread: 6
Ops, o id {18716}, do pack no catalogo esta com erro!

Date/Time: 2017-10-02 20:48:21,031
Thread: 6
Ops, o id {1000000507}, do pack no catalogo esta com erro!

Date/Time: 2017-10-02 21:09:00,782
Thread: 1
Ops, o id {18716}, do pack no catalogo esta com erro!

Date/Time: 2017-10-02 21:09:01,536
Thread: 1
Ops, o id {1000000507}, do pack no catalogo esta com erro!

Date/Time: 2017-10-02 21:15:25,073
Thread: 1
Ops, o id {18716}, do pack no catalogo esta com erro!

Date/Time: 2017-10-02 21:15:26,006
Thread: 1
Ops, o id {1000000507}, do pack no catalogo esta com erro!

Date/Time: 2017-10-02 21:36:43,625
Thread: 1
Ops, o id {18716}, do pack no catalogo esta com erro!

Date/Time: 2017-10-02 21:36:44,322
Thread: 1
Ops, o id {1000000507}, do pack no catalogo esta com erro!

Date/Time: 2017-10-02 21:44:21,225
Thread: 1
Ops, o id {18716}, do pack no catalogo esta com erro!

Date/Time: 2017-10-02 21:44:21,911
Thread: 1
Ops, o id {1000000507}, do pack no catalogo esta com erro!

Date/Time: 2017-10-02 21:46:59,511
Thread: 1
Ops, o id {18716}, do pack no catalogo esta com erro!

Date/Time: 2017-10-02 21:47:00,292
Thread: 1
Ops, o id {1000000507}, do pack no catalogo esta com erro!

Date/Time: 2017-10-02 21:52:11,623
Thread: 1
Ops, o id {18716}, do pack no catalogo esta com erro!

Date/Time: 2017-10-02 21:52:12,224
Thread: 1
Ops, o id {1000000507}, do pack no catalogo esta com erro!

Date/Time: 2017-10-02 23:18:17,705
Thread: 1
Ops, o id {18716}, do pack no catalogo esta com erro!

Date/Time: 2017-10-02 23:18:18,328
Thread: 1
Ops, o id {1000000507}, do pack no catalogo esta com erro!

Date/Time: 2017-10-03 20:23:52,797
Thread: 1
Ops, o id {18716}, do pack no catalogo esta com erro!

Date/Time: 2017-10-03 20:23:53,581
Thread: 1
Ops, o id {1000000507}, do pack no catalogo esta com erro!

Date/Time: 2017-10-03 20:38:25,354
Thread: 1
Ops, o id {18716}, do pack no catalogo esta com erro!

Date/Time: 2017-10-03 20:38:26,209
Thread: 1
Ops, o id {1000000507}, do pack no catalogo esta com erro!

Date/Time: 2017-10-03 20:57:39,740
Thread: 1
Ops, o id {18716}, do pack no catalogo esta com erro!

Date/Time: 2017-10-03 20:57:40,439
Thread: 1
Ops, o id {1000000507}, do pack no catalogo esta com erro!

Date/Time: 2017-10-03 21:02:46,424
Thread: 1
Ops, o id {18716}, do pack no catalogo esta com erro!

Date/Time: 2017-10-03 21:02:47,877
Thread: 1
Ops, o id {1000000507}, do pack no catalogo esta com erro!

Date/Time: 2017-10-03 21:27:45,054
Thread: 1
Ops, o id {18716}, do pack no catalogo esta com erro!

Date/Time: 2017-10-03 21:27:45,863
Thread: 1
Ops, o id {1000000507}, do pack no catalogo esta com erro!

Date/Time: 2017-10-03 21:44:43,934
Thread: 1
Ops, o id {18716}, do pack no catalogo esta com erro!

Date/Time: 2017-10-03 21:44:44,641
Thread: 1
Ops, o id {1000000507}, do pack no catalogo esta com erro!

Date/Time: 2017-10-03 22:10:13,443
Thread: 1
sstop is an unknown or unsupported command. Type help for more information

Date/Time: 2017-10-03 22:37:28,020
Thread: 1
Ops, o id {18716}, do pack no catalogo esta com erro!

Date/Time: 2017-10-03 22:37:29,524
Thread: 1
Ops, o id {1000000507}, do pack no catalogo esta com erro!

Date/Time: 2017-10-03 22:49:27,678
Thread: 1
Ops, o id {18716}, do pack no catalogo esta com erro!

Date/Time: 2017-10-03 22:49:28,396
Thread: 1
Ops, o id {1000000507}, do pack no catalogo esta com erro!

Date/Time: 2017-10-03 23:04:08,513
Thread: 1
1stop is an unknown or unsupported command. Type help for more information

Date/Time: 2017-10-03 23:06:31,300
Thread: 1
Ops, o id {18716}, do pack no catalogo esta com erro!

Date/Time: 2017-10-03 23:06:32,236
Thread: 1
Ops, o id {1000000507}, do pack no catalogo esta com erro!

Date/Time: 2017-10-03 23:12:21,763
Thread: 1
atop is an unknown or unsupported command. Type help for more information

Date/Time: 2017-10-03 23:15:07,267
Thread: 1
Ops, o id {18716}, do pack no catalogo esta com erro!

Date/Time: 2017-10-03 23:15:08,128
Thread: 1
Ops, o id {1000000507}, do pack no catalogo esta com erro!

Date/Time: 2017-10-03 23:40:24,669
Thread: 1
Ops, o id {18716}, do pack no catalogo esta com erro!

Date/Time: 2017-10-03 23:40:25,625
Thread: 1
Ops, o id {1000000507}, do pack no catalogo esta com erro!

Date/Time: 2017-10-04 13:15:14,182
Thread: 1
Ops, o id {18716}, do pack no catalogo esta com erro!

Date/Time: 2017-10-04 13:15:15,115
Thread: 1
Ops, o id {1000000507}, do pack no catalogo esta com erro!

Date/Time: 2017-10-04 13:51:38,398
Thread: 1
Ops, o id {18716}, do pack no catalogo esta com erro!

Date/Time: 2017-10-04 13:51:39,859
Thread: 1
Ops, o id {1000000507}, do pack no catalogo esta com erro!

Date/Time: 2017-10-04 14:26:40,088
Thread: 1
Ops, o id {18716}, do pack no catalogo esta com erro!

Date/Time: 2017-10-04 14:26:41,743
Thread: 1
Ops, o id {1000000507}, do pack no catalogo esta com erro!

Date/Time: 2017-10-04 17:23:52,012
Thread: 1
Ops, o id {18716}, do pack no catalogo esta com erro!

Date/Time: 2017-10-04 17:23:53,266
Thread: 1
Ops, o id {1000000507}, do pack no catalogo esta com erro!

Date/Time: 2017-10-05 16:19:20,663
Thread: 1
Ops, o id {18716}, do pack no catalogo esta com erro!

Date/Time: 2017-10-05 16:19:22,034
Thread: 1
Ops, o id {1000000507}, do pack no catalogo esta com erro!

Date/Time: 2017-10-05 20:21:54,593
Thread: 1
Ops, o id {18716}, do pack no catalogo esta com erro!

Date/Time: 2017-10-05 20:21:55,320
Thread: 1
Ops, o id {1000000507}, do pack no catalogo esta com erro!

Date/Time: 2017-10-05 20:45:34,321
Thread: 1
Ops, o id {18716}, do pack no catalogo esta com erro!

Date/Time: 2017-10-05 20:45:34,972
Thread: 1
Ops, o id {1000000507}, do pack no catalogo esta com erro!

Date/Time: 2017-10-05 21:05:23,298
Thread: 98
Ops, o id {18716}, do pack no catalogo esta com erro!

Date/Time: 2017-10-05 21:05:24,025
Thread: 98
Ops, o id {1000000507}, do pack no catalogo esta com erro!

Date/Time: 2017-10-05 21:12:21,239
Thread: 1
Ops, o id {18716}, do pack no catalogo esta com erro!

Date/Time: 2017-10-05 21:12:22,059
Thread: 1
Ops, o id {1000000507}, do pack no catalogo esta com erro!

Date/Time: 2017-10-05 21:14:58,181
Thread: 21
Ops, o id {18716}, do pack no catalogo esta com erro!

Date/Time: 2017-10-05 21:14:58,868
Thread: 21
Ops, o id {1000000507}, do pack no catalogo esta com erro!

Date/Time: 2017-10-05 21:17:55,761
Thread: 31
Ops, o id {18716}, do pack no catalogo esta com erro!

Date/Time: 2017-10-05 21:17:56,566
Thread: 31
Ops, o id {1000000507}, do pack no catalogo esta com erro!

Date/Time: 2017-10-05 21:31:51,354
Thread: 93
Ops, o id {18716}, do pack no catalogo esta com erro!

Date/Time: 2017-10-05 21:31:52,084
Thread: 93
Ops, o id {1000000507}, do pack no catalogo esta com erro!

Date/Time: 2017-10-08 14:01:00,981
Thread: 1
Ops, o id {18716}, do pack no catalogo esta com erro!

Date/Time: 2017-10-08 14:01:01,932
Thread: 1
Ops, o id {1000000507}, do pack no catalogo esta com erro!

Date/Time: 2017-10-08 15:34:13,083
Thread: 1
Ops, o id {18716}, do pack no catalogo esta com erro!

Date/Time: 2017-10-08 15:34:14,414
Thread: 1
Ops, o id {1000000507}, do pack no catalogo esta com erro!

Date/Time: 2017-10-08 15:41:59,580
Thread: 1
stopstop is an unknown or unsupported command. Type help for more information

Date/Time: 2017-10-08 15:51:11,501
Thread: 1
Ops, o id {18716}, do pack no catalogo esta com erro!

Date/Time: 2017-10-08 15:51:12,472
Thread: 1
Ops, o id {1000000507}, do pack no catalogo esta com erro!

Date/Time: 2017-10-08 16:34:34,875
Thread: 1
Ops, o id {18716}, do pack no catalogo esta com erro!

Date/Time: 2017-10-08 16:34:35,644
Thread: 1
Ops, o id {1000000507}, do pack no catalogo esta com erro!

Date/Time: 2017-10-08 17:43:28,497
Thread: 1
Ops, o id {18716}, do pack no catalogo esta com erro!

Date/Time: 2017-10-08 17:43:29,719
Thread: 1
Ops, o id {1000000507}, do pack no catalogo esta com erro!

Date/Time: 2017-10-08 17:53:32,243
Thread: 1
Ops, o id {18716}, do pack no catalogo esta com erro!

Date/Time: 2017-10-08 17:53:32,979
Thread: 1
Ops, o id {1000000507}, do pack no catalogo esta com erro!

Date/Time: 2017-10-09 17:39:24,892
Thread: 1
Ops, o id {18716}, do pack no catalogo esta com erro!

Date/Time: 2017-10-09 17:39:25,765
Thread: 1
Ops, o id {1000000507}, do pack no catalogo esta com erro!

Date/Time: 2017-10-09 18:25:35,390
Thread: 1
Ops, o id {18716}, do pack no catalogo esta com erro!

Date/Time: 2017-10-09 18:25:36,213
Thread: 1
Ops, o id {1000000507}, do pack no catalogo esta com erro!

Date/Time: 2017-10-09 18:43:33,134
Thread: 1
Ops, o id {18716}, do pack no catalogo esta com erro!

Date/Time: 2017-10-09 18:43:34,095
Thread: 1
Ops, o id {1000000507}, do pack no catalogo esta com erro!

Date/Time: 2017-10-09 19:58:19,766
Thread: 1
Ops, o id {18716}, do pack no catalogo esta com erro!

Date/Time: 2017-10-09 19:58:21,073
Thread: 1
Ops, o id {1000000507}, do pack no catalogo esta com erro!

Date/Time: 2017-10-10 17:29:52,827
Thread: 1
Ops, o id {18716}, do pack no catalogo esta com erro!

Date/Time: 2017-10-10 17:29:54,112
Thread: 1
Ops, o id {1000000507}, do pack no catalogo esta com erro!

Date/Time: 2017-10-10 17:36:13,174
Thread: 1
Ops, o id {18716}, do pack no catalogo esta com erro!

Date/Time: 2017-10-10 17:36:14,141
Thread: 1
Ops, o id {1000000507}, do pack no catalogo esta com erro!

Date/Time: 2017-10-10 17:45:00,110
Thread: 1
Ops, o id {18716}, do pack no catalogo esta com erro!

Date/Time: 2017-10-10 17:45:01,109
Thread: 1
Ops, o id {1000000507}, do pack no catalogo esta com erro!

Date/Time: 2017-10-10 17:55:39,610
Thread: 1
Ops, o id {18716}, do pack no catalogo esta com erro!

Date/Time: 2017-10-10 17:55:40,394
Thread: 1
Ops, o id {1000000507}, do pack no catalogo esta com erro!

Date/Time: 2017-10-10 18:12:42,044
Thread: 1
Ops, o id {18716}, do pack no catalogo esta com erro!

Date/Time: 2017-10-10 18:12:42,214
Thread: 1
Ops, o id {966117}, do pack no catalogo esta com erro!

Date/Time: 2017-10-10 18:12:42,782
Thread: 1
Ops, o id {1000000507}, do pack no catalogo esta com erro!

Date/Time: 2017-10-10 18:35:23,189
Thread: 1
Ops, o id {18716}, do pack no catalogo esta com erro!

Date/Time: 2017-10-10 18:35:23,942
Thread: 1
Ops, o id {1000000507}, do pack no catalogo esta com erro!

Date/Time: 2017-10-10 18:44:53,728
Thread: 1
andstop is an unknown or unsupported command. Type help for more information

Date/Time: 2017-10-10 19:05:46,924
Thread: 1
stopstop is an unknown or unsupported command. Type help for more information

Date/Time: 2017-10-10 19:11:56,536
Thread: 1
Ops, o id {18716}, do pack no catalogo esta com erro!

Date/Time: 2017-10-10 19:11:57,445
Thread: 1
Ops, o id {1000000507}, do pack no catalogo esta com erro!

Date/Time: 2017-10-10 19:45:59,005
Thread: 1
Ops, o id {18716}, do pack no catalogo esta com erro!

Date/Time: 2017-10-10 19:46:00,008
Thread: 1
Ops, o id {1000000507}, do pack no catalogo esta com erro!

Date/Time: 2017-10-10 20:24:13,724
Thread: 1
Ops, o id {18716}, do pack no catalogo esta com erro!

Date/Time: 2017-10-10 20:24:14,507
Thread: 1
Ops, o id {1000000507}, do pack no catalogo esta com erro!

Date/Time: 2017-10-10 20:35:34,705
Thread: 1
sto is an unknown or unsupported command. Type help for more information

Date/Time: 2017-10-10 21:14:25,562
Thread: 1
Ops, o id {18716}, do pack no catalogo esta com erro!

Date/Time: 2017-10-10 21:14:26,579
Thread: 1
Ops, o id {1000000507}, do pack no catalogo esta com erro!

Date/Time: 2017-10-10 21:18:27,515
Thread: 1
Ops, o id {18716}, do pack no catalogo esta com erro!

Date/Time: 2017-10-10 21:18:28,391
Thread: 1
Ops, o id {1000000507}, do pack no catalogo esta com erro!

Date/Time: 2017-10-10 21:27:46,039
Thread: 1
Ops, o id {18716}, do pack no catalogo esta com erro!

Date/Time: 2017-10-10 21:27:46,790
Thread: 1
Ops, o id {1000000507}, do pack no catalogo esta com erro!

Date/Time: 2017-10-11 14:20:58,757
Thread: 1
Ops, o id {18716}, do pack no catalogo esta com erro!

Date/Time: 2017-10-11 14:20:59,704
Thread: 1
Ops, o id {1000000507}, do pack no catalogo esta com erro!

Date/Time: 2017-10-11 16:15:09,156
Thread: 104
Ops, o id {18716}, do pack no catalogo esta com erro!

Date/Time: 2017-10-11 16:15:09,881
Thread: 104
Ops, o id {1000000507}, do pack no catalogo esta com erro!

Date/Time: 2017-10-11 18:53:04,189
Thread: 96
Ops, o id {10067}, do pack no catalogo esta com erro!

Date/Time: 2017-10-15 08:51:11,799
Thread: 1
dyop is an unknown or unsupported command. Type help for more information

Date/Time: 2019-05-12 10:39:01,556
Thread: 1
Fatal error during startup:System.ArgumentException: Unable to locate configuration file at 'C:\Users\yoric\Downloads\Emulatore\Pack BiosEmuladors By Thiago Araujo\bin\Debug\HabbieConfig/Config.ini'.
   bij Bios.Core.ConfigurationData..ctor(String filePath, Boolean maynotexist) in C:\Users\yoric\Downloads\Emulatore\Pack BiosEmuladors By Thiago Araujo\Core\ConfigurationData.cs:regel 20
   bij Bios.HabbieEnvironment.Initialize() in C:\Users\yoric\Downloads\Emulatore\Pack BiosEmuladors By Thiago Araujo\HabbieEnvironment.cs:regel 107

Date/Time: 2019-05-12 10:39:01,579
Thread: 1
Press any key to shut down ...

Date/Time: 2019-05-12 10:59:05,751
Thread: 1
Error in command alert: System.ArgumentOutOfRangeException: startIndex mag niet groter zijn dan de lengte van de tekenreeks.
Parameternaam: startIndex
   bij System.String.Substring(Int32 startIndex, Int32 length)
   bij Habbie.Core.ConsoleCommandHandler.InvokeCommand(String inputData) in C:\Users\yoric\Downloads\Emulatore\Pack BiosEmuladors By Thiago Araujo\Core\ConsoleCommandHandler.cs:regel 70

